10 0.0128248 0 0
10 0.0384745 0 0
10 0.0641241 0 0
10 0.0897737 0 0
10 0.115423 0 0
10 0.141073 0 0
10 0.166723 0 0
10 0.192372 0 0
10 0.218022 0 0
10 0.243672 0 0
10 0.269321 0 0
10 0.294971 0 0
10 0.32062 0 0
10 0.34627 0 0
10 0.37192 0 0
10 0.397569 0 0
10 0.423219 0 0
10 0.448869 0 0
10 0.474518 0 0
10 0.500168 0 0
10 0.525818 0 0
10 0.551467 0 0
10 0.577117 0 0
10 0.602767 0 0
10 0.628416 0 0
10 0.654066 0 0
10 0.679715 0 0
10 0.705365 0 0
10 0.731015 0 0
10 0.756664 0 0
10 0.782314 0 0
10 0.807964 0 0
10 0.833613 0 0
10 0.859263 2.91784e-05 2.07592e-05
10 0.884913 0.00120134 0.000159689
10 0.910562 0.0235064 0.000939799
10 0.936212 0.16224 0.00221376
10 0.961861 0.56821 0.00401703
10 0.987511 1.19464 0.00757066
10 1.01316 1.86992 0.00916295
10 1.03881 2.33127 0.00735582
10 1.06446 2.55092 0.00608791
10 1.09011 2.55924 0.00510292
10 1.11576 2.40304 0.00640188
10 1.14141 2.19579 0.00549814
10 1.16706 1.97108 0.00686819
10 1.19271 1.75123 0.00744814
10 1.21836 1.55243 0.00635805
10 1.24401 1.39241 0.00561105
10 1.26966 1.2473 0.00645338
10 1.29531 1.12525 0.0040375
10 1.32096 1.02537 0.00363245
10 1.34661 0.946538 0.00415417
10 1.37226 0.877623 0.00410621
10 1.39791 0.819698 0.00238002
10 1.42355 0.778321 0.00209087
10 1.4492 0.740106 0.00436347
10 1.47485 0.711933 0.00239634
10 1.5005 0.692571 0.00416772
10 1.52615 0.678928 0.00499261
10 1.5518 0.67539 0.00343725
10 1.57745 0.674053 0.00393803
10 1.6031 0.675011 0.00416453
10 1.62875 0.688548 0.00242965
10 1.6544 0.704903 0.00422813
10 1.68005 0.722375 0.0032771
10 1.7057 0.750924 0.00410392
10 1.73135 0.781698 0.00211396
10 1.757 0.812429 0.00369859
10 1.78265 0.850978 0.00275692
10 1.8083 0.889981 0.00308964
10 1.83395 0.930249 0.00256291
10 1.8596 0.97103 0.00319904
10 1.88525 1.01217 0.00282306
10 1.9109 1.0567 0.00297345
10 1.93655 1.09052 0.00144283
10 1.9622 1.12463 0.0029828
10 1.98785 1.15659 0.00188594
10 2.0135 1.1838 0.00431183
10 2.03915 1.20332 0.00252143
10 2.0648 1.21499 0.00416746
10 2.09045 1.21958 0.00401826
10 2.1161 1.20969 0.00318597
10 2.14174 1.19361 0.00282225
10 2.16739 1.18205 0.00221973
10 2.19304 1.15419 0.00292137
10 2.21869 1.13049 0.00239108
10 2.24434 1.09971 0.0020038
10 2.26999 1.06976 0.00236812
10 2.29564 1.0406 0.00273772
10 2.32129 1.01378 0.00214368
10 2.34694 0.991853 0.00316844
10 2.37259 0.971474 0.00236804
10 2.39824 0.949191 0.00217095
10 2.42389 0.931312 0.00186062
10 2.44954 0.917643 0.00231508
10 2.47519 0.905806 0.00234243
10 2.50084 0.894345 0.00274391
10 2.52649 0.886466 0.00274908
10 2.55214 0.883194 0.00269988
