1 0.0128248 0
1 0.0384745 0
1 0.0641241 0
1 0.0897737 0
1 0.115423 0
1 0.141073 0
1 0.166723 0
1 0.192372 0
1 0.218022 0
1 0.243672 0
1 0.269321 0
1 0.294971 0
1 0.32062 0
1 0.34627 0
1 0.37192 0
1 0.397569 0
1 0.423219 0
1 0.448869 0
1 0.474518 0
1 0.500168 0
1 0.525818 0
1 0.551467 0
1 0.577117 0
1 0.602767 0
1 0.628416 0
1 0.654066 0
1 0.679715 0
1 0.705365 0
1 0.731015 0
1 0.756664 0
1 0.782314 0
1 0.807964 0
1 0.833613 0
1 0.859263 0
1 0.884913 0.000825347
1 0.910562 0.0208734
1 0.936212 0.158455
1 0.961861 0.568956
1 0.987511 1.18436
1 1.01316 1.86316
1 1.03881 2.33508
1 1.06446 2.53852
1 1.09011 2.58176
1 1.11576 2.39215
1 1.14141 2.21066
1 1.16706 1.98523
1 1.19271 1.76734
1 1.21836 1.53691
1 1.24401 1.40649
1 1.26966 1.2851
1 1.29531 1.12822
1 1.32096 1.03664
1 1.34661 0.936063
1 1.37226 0.886562
1 1.39791 0.823825
1 1.42355 0.780975
1 1.4492 0.726596
1 1.47485 0.70917
1 1.5005 0.674096
1 1.52615 0.647528
1 1.5518 0.653169
1 1.57745 0.654266
1 1.6031 0.651046
1 1.62875 0.674964
1 1.6544 0.694001
1 1.68005 0.728489
1 1.7057 0.752583
1 1.73135 0.789482
1 1.757 0.821618
1 1.78265 0.863975
1 1.8083 0.906119
1 1.83395 0.934908
1 1.8596 0.974858
1 1.88525 1.01907
1 1.9109 1.0545
1 1.93655 1.08927
1 1.9622 1.13171
1 1.98785 1.15947
1 2.0135 1.17414
1 2.03915 1.21031
1 2.0648 1.22713
1 2.09045 1.22374
1 2.1161 1.21242
1 2.14174 1.20266
1 2.16739 1.19104
1 2.19304 1.1481
1 2.21869 1.12917
1 2.24434 1.10755
1 2.26999 1.07226
1 2.29564 1.04392
1 2.32129 1.00979
1 2.34694 0.978774
1 2.37259 0.963952
1 2.39824 0.947014
1 2.42389 0.927334
1 2.44954 0.914192
1 2.47519 0.906866
1 2.50084 0.891689
1 2.52649 0.875645
1 2.55214 0.873965
2 0.0128248 0
2 0.0384745 0
2 0.0641241 0
2 0.0897737 0
2 0.115423 0
2 0.141073 0
2 0.166723 0
2 0.192372 0
2 0.218022 0
2 0.243672 0
2 0.269321 0
2 0.294971 0
2 0.32062 0
2 0.34627 0
2 0.37192 0
2 0.397569 0
2 0.423219 0
2 0.448869 0
2 0.474518 0
2 0.500168 0
2 0.525818 0
2 0.551467 0
2 0.577117 0
2 0.602767 0
2 0.628416 0
2 0.654066 0
2 0.679715 0
2 0.705365 0
2 0.731015 0
2 0.756664 0
2 0.782314 0
2 0.807964 0
2 0.833613 0
2 0.859263 0.000194523
2 0.884913 0.00100876
2 0.910562 0.0292748
2 0.936212 0.159766
2 0.961861 0.543574
2 0.987511 1.17442
2 1.01316 1.80103
2 1.03881 2.32516
2 1.06446 2.54181
2 1.09011 2.55535
2 1.11576 2.43143
2 1.14141 2.19981
2 1.16706 1.98655
2 1.19271 1.76875
2 1.21836 1.5523
2 1.24401 1.39345
2 1.26966 1.24942
2 1.29531 1.13148
2 1.32096 1.04401
2 1.34661 0.957765
2 1.37226 0.895067
2 1.39791 0.833306
2 1.42355 0.784377
2 1.4492 0.746189
2 1.47485 0.711085
2 1.5005 0.697891
2 1.52615 0.678762
2 1.5518 0.685139
2 1.57745 0.671582
2 1.6031 0.664432
2 1.62875 0.680054
2 1.6544 0.693345
2 1.68005 0.711341
2 1.7057 0.733626
2 1.73135 0.778126
2 1.757 0.795702
2 1.78265 0.843704
2 1.8083 0.878095
2 1.83395 0.924274
2 1.8596 0.9641
2 1.88525 1.01459
2 1.9109 1.07035
2 1.93655 1.09818
2 1.9622 1.1214
2 1.98785 1.15489
2 2.0135 1.19873
2 2.03915 1.20907
2 2.0648 1.22896
2 2.09045 1.21121
2 2.1161 1.21361
2 2.14174 1.19309
2 2.16739 1.18309
2 2.19304 1.16754
2 2.21869 1.14522
2 2.24434 1.10606
2 2.26999 1.07706
2 2.29564 1.03902
2 2.32129 1.01414
2 2.34694 1.00127
2 2.37259 0.967256
2 2.39824 0.948438
2 2.42389 0.927102
2 2.44954 0.921648
2 2.47519 0.902552
2 2.50084 0.893147
2 2.52649 0.88244
2 2.55214 0.87627
3 0.0128248 0
3 0.0384745 0
3 0.0641241 0
3 0.0897737 0
3 0.115423 0
3 0.141073 0
3 0.166723 0
3 0.192372 0
3 0.218022 0
3 0.243672 0
3 0.269321 0
3 0.294971 0
3 0.32062 0
3 0.34627 0
3 0.37192 0
3 0.397569 0
3 0.423219 0
3 0.448869 0
3 0.474518 0
3 0.500168 0
3 0.525818 0
3 0.551467 0
3 0.577117 0
3 0.602767 0
3 0.628416 0
3 0.654066 0
3 0.679715 0
3 0.705365 0
3 0.731015 0
3 0.756664 0
3 0.782314 0
3 0.807964 0
3 0.833613 0
3 0.859263 9.72615e-05
3 0.884913 0.00110046
3 0.910562 0.0219994
3 0.936212 0.162142
3 0.961861 0.573923
3 0.987511 1.23745
3 1.01316 1.87155
3 1.03881 2.32363
3 1.06446 2.56165
3 1.09011 2.55983
3 1.11576 2.41851
3 1.14141 2.19595
3 1.16706 1.93841
3 1.19271 1.71968
3 1.21836 1.53062
3 1.24401 1.36881
3 1.26966 1.22991
3 1.29531 1.1251
3 1.32096 1.02125
3 1.34661 0.938597
3 1.37226 0.871041
3 1.39791 0.822245
3 1.42355 0.780833
3 1.4492 0.755011
3 1.47485 0.705307
3 1.5005 0.704685
3 1.52615 0.684373
3 1.5518 0.672405
3 1.57745 0.675507
3 1.6031 0.688659
3 1.62875 0.69275
3 1.6544 0.714782
3 1.68005 0.73055
3 1.7057 0.76569
3 1.73135 0.777407
3 1.757 0.815267
3 1.78265 0.847523
3 1.8083 0.887912
3 1.83395 0.928737
3 1.8596 0.958784
3 1.88525 1.01162
3 1.9109 1.0485
3 1.93655 1.08447
3 1.9622 1.10674
3 1.98785 1.15811
3 2.0135 1.18826
3 2.03915 1.21601
3 2.0648 1.22027
3 2.09045 1.22321
3 2.1161 1.20691
3 2.14174 1.19697
3 2.16739 1.17652
3 2.19304 1.15665
3 2.21869 1.12664
3 2.24434 1.09819
3 2.26999 1.07118
3 2.29564 1.03762
3 2.32129 1.01271
3 2.34694 0.98219
3 2.37259 0.968889
3 2.39824 0.949661
3 2.42389 0.936099
3 2.44954 0.916956
3 2.47519 0.90519
3 2.50084 0.893159
3 2.52649 0.892015
3 2.55214 0.890372
4 0.0128248 0
4 0.0384745 0
4 0.0641241 0
4 0.0897737 0
4 0.115423 0
4 0.141073 0
4 0.166723 0
4 0.192372 0
4 0.218022 0
4 0.243672 0
4 0.269321 0
4 0.294971 0
4 0.32062 0
4 0.34627 0
4 0.37192 0
4 0.397569 0
4 0.423219 0
4 0.448869 0
4 0.474518 0
4 0.500168 0
4 0.525818 0
4 0.551467 0
4 0.577117 0
4 0.602767 0
4 0.628416 0
4 0.654066 0
4 0.679715 0
4 0.705365 0
4 0.731015 0
4 0.756664 0
4 0.782314 0
4 0.807964 0
4 0.833613 0
4 0.859263 0
4 0.884913 0.00201751
4 0.910562 0.0217396
4 0.936212 0.161814
4 0.961861 0.57532
4 0.987511 1.22619
4 1.01316 1.8656
4 1.03881 2.38712
4 1.06446 2.5936
4 1.09011 2.55862
4 1.11576 2.39065
4 1.14141 2.16679
4 1.16706 1.9373
4 1.19271 1.70156
4 1.21836 1.52346
4 1.24401 1.3592
4 1.26966 1.23053
4 1.29531 1.10498
4 1.32096 1.00898
4 1.34661 0.945884
4 1.37226 0.889461
4 1.39791 0.819819
4 1.42355 0.780302
4 1.4492 0.747523
4 1.47485 0.722112
4 1.5005 0.710618
4 1.52615 0.682431
4 1.5518 0.685884
4 1.57745 0.682203
4 1.6031 0.681953
4 1.62875 0.702116
4 1.6544 0.71877
4 1.68005 0.723324
4 1.7057 0.767689
4 1.73135 0.786008
4 1.757 0.817686
4 1.78265 0.851297
4 1.8083 0.900409
4 1.83395 0.931684
4 1.8596 0.977703
4 1.88525 0.997289
4 1.9109 1.03835
4 1.93655 1.08772
4 1.9622 1.1303
4 1.98785 1.15157
4 2.0135 1.17938
4 2.03915 1.19638
4 2.0648 1.22202
4 2.09045 1.21927
4 2.1161 1.21704
4 2.14174 1.19478
4 2.16739 1.18847
4 2.19304 1.15125
4 2.21869 1.12061
4 2.24434 1.08472
4 2.26999 1.05658
4 2.29564 1.01862
4 2.32129 1.00442
4 2.34694 0.984576
4 2.37259 0.965853
4 2.39824 0.937387
4 2.42389 0.927775
4 2.44954 0.917986
4 2.47519 0.900255
4 2.50084 0.885626
4 2.52649 0.87911
4 2.55214 0.887516
5 0.0128248 0
5 0.0384745 0
5 0.0641241 0
5 0.0897737 0
5 0.115423 0
5 0.141073 0
5 0.166723 0
5 0.192372 0
5 0.218022 0
5 0.243672 0
5 0.269321 0
5 0.294971 0
5 0.32062 0
5 0.34627 0
5 0.37192 0
5 0.397569 0
5 0.423219 0
5 0.448869 0
5 0.474518 0
5 0.500168 0
5 0.525818 0
5 0.551467 0
5 0.577117 0
5 0.602767 0
5 0.628416 0
5 0.654066 0
5 0.679715 0
5 0.705365 0
5 0.731015 0
5 0.756664 0
5 0.782314 0
5 0.807964 0
5 0.833613 0
5 0.859263 0
5 0.884913 0.000917052
5 0.910562 0.023212
5 0.936212 0.175333
5 0.961861 0.55708
5 0.987511 1.18429
5 1.01316 1.90205
5 1.03881 2.31664
5 1.06446 2.52128
5 1.09011 2.55662
5 1.11576 2.42653
5 1.14141 2.19347
5 1.16706 1.97031
5 1.19271 1.76416
5 1.21836 1.56134
5 1.24401 1.39776
5 1.26966 1.24323
5 1.29531 1.13498
5 1.32096 1.03273
5 1.34661 0.972894
5 1.37226 0.862956
5 1.39791 0.820811
5 1.42355 0.789267
5 1.4492 0.742736
5 1.47485 0.708774
5 1.5005 0.682708
5 1.52615 0.666274
5 1.5518 0.673598
5 1.57745 0.65949
5 1.6031 0.66527
5 1.62875 0.683627
5 1.6544 0.70224
5 1.68005 0.703733
5 1.7057 0.744141
5 1.73135 0.781025
5 1.757 0.818826
5 1.78265 0.851139
5 1.8083 0.893139
5 1.83395 0.923057
5 1.8596 0.975128
5 1.88525 1.01693
5 1.9109 1.06726
5 1.93655 1.0905
5 1.9622 1.12724
5 1.98785 1.16392
5 2.0135 1.19658
5 2.03915 1.2075
5 2.0648 1.21722
5 2.09045 1.23656
5 2.1161 1.21614
5 2.14174 1.20444
5 2.16739 1.17711
5 2.19304 1.16602
5 2.21869 1.11947
5 2.24434 1.10009
5 2.26999 1.05693
5 2.29564 1.04166
5 2.32129 1.00997
5 2.34694 0.980234
5 2.37259 0.968621
5 2.39824 0.944355
5 2.42389 0.923301
5 2.44954 0.9188
5 2.47519 0.904756
5 2.50084 0.90029
5 2.52649 0.887886
5 2.55214 0.880228
6 0.0128248 0
6 0.0384745 0
6 0.0641241 0
6 0.0897737 0
6 0.115423 0
6 0.141073 0
6 0.166723 0
6 0.192372 0
6 0.218022 0
6 0.243672 0
6 0.269321 0
6 0.294971 0
6 0.32062 0
6 0.34627 0
6 0.37192 0
6 0.397569 0
6 0.423219 0
6 0.448869 0
6 0.474518 0
6 0.500168 0
6 0.525818 0
6 0.551467 0
6 0.577117 0
6 0.602767 0
6 0.628416 0
6 0.654066 0
6 0.679715 0
6 0.705365 0
6 0.731015 0
6 0.756664 0
6 0.782314 0
6 0.807964 0
6 0.833613 0
6 0.859263 0
6 0.884913 0.00119217
6 0.910562 0.0275426
6 0.936212 0.167549
6 0.961861 0.588516
6 0.987511 1.1985
6 1.01316 1.90681
6 1.03881 2.35005
6 1.06446 2.54346
6 1.09011 2.54151
6 1.11576 2.38079
6 1.14141 2.18112
6 1.16706 1.98396
6 1.19271 1.75987
6 1.21836 1.53909
6 1.24401 1.41572
6 1.26966 1.21137
6 1.29531 1.10768
6 1.32096 1.02281
6 1.34661 0.928577
6 1.37226 0.86532
6 1.39791 0.80567
6 1.42355 0.781471
6 1.4492 0.720372
6 1.47485 0.714683
6 1.5005 0.693745
6 1.52615 0.700253
6 1.5518 0.679502
6 1.57745 0.690082
6 1.6031 0.686592
6 1.62875 0.693779
6 1.6544 0.715621
6 1.68005 0.738743
6 1.7057 0.766776
6 1.73135 0.794609
6 1.757 0.825107
6 1.78265 0.865308
6 1.8083 0.886814
6 1.83395 0.942146
6 1.8596 0.967361
6 1.88525 1.00897
6 1.9109 1.06319
6 1.93655 1.09073
6 1.9622 1.12117
6 1.98785 1.14862
6 2.0135 1.16068
6 2.03915 1.19429
6 2.0648 1.19396
6 2.09045 1.20724
6 2.1161 1.19845
6 2.14174 1.18586
6 2.16739 1.17835
6 2.19304 1.14551
6 2.21869 1.12951
6 2.24434 1.10176
6 2.26999 1.06606
6 2.29564 1.05071
6 2.32129 1.01756
6 2.34694 0.991734
6 2.37259 0.981558
6 2.39824 0.953008
6 2.42389 0.931808
6 2.44954 0.913019
6 2.47519 0.908003
6 2.50084 0.893572
6 2.52649 0.896965
6 2.55214 0.890736
7 0.0128248 0
7 0.0384745 0
7 0.0641241 0
7 0.0897737 0
7 0.115423 0
7 0.141073 0
7 0.166723 0
7 0.192372 0
7 0.218022 0
7 0.243672 0
7 0.269321 0
7 0.294971 0
7 0.32062 0
7 0.34627 0
7 0.37192 0
7 0.397569 0
7 0.423219 0
7 0.448869 0
7 0.474518 0
7 0.500168 0
7 0.525818 0
7 0.551467 0
7 0.577117 0
7 0.602767 0
7 0.628416 0
7 0.654066 0
7 0.679715 0
7 0.705365 0
7 0.731015 0
7 0.756664 0
7 0.782314 0
7 0.807964 0
7 0.833613 0
7 0.859263 0
7 0.884913 0.0017424
7 0.910562 0.0252907
7 0.936212 0.16968
7 0.961861 0.577416
7 0.987511 1.18819
7 1.01316 1.88071
7 1.03881 2.31145
7 1.06446 2.54213
7 1.09011 2.54683
7 1.11576 2.36833
7 1.14141 2.217
7 1.16706 1.95032
7 1.19271 1.75053
7 1.21836 1.55249
7 1.24401 1.38175
7 1.26966 1.24951
7 1.29531 1.11457
7 1.32096 1.01816
7 1.34661 0.952023
7 1.37226 0.894495
7 1.39791 0.820481
7 1.42355 0.773427
7 1.4492 0.762363
7 1.47485 0.721352
7 1.5005 0.703058
7 1.52615 0.699728
7 1.5518 0.690358
7 1.57745 0.691034
7 1.6031 0.694304
7 1.62875 0.692939
7 1.6544 0.711318
7 1.68005 0.726352
7 1.7057 0.746338
7 1.73135 0.774412
7 1.757 0.808195
7 1.78265 0.836224
7 1.8083 0.880028
7 1.83395 0.918317
7 1.8596 0.956728
7 1.88525 0.998077
7 1.9109 1.05556
7 1.93655 1.09163
7 1.9622 1.12617
7 1.98785 1.15068
7 2.0135 1.17836
7 2.03915 1.1941
7 2.0648 1.20235
7 2.09045 1.21287
7 2.1161 1.20181
7 2.14174 1.18828
7 2.16739 1.1797
7 2.19304 1.14033
7 2.21869 1.12987
7 2.24434 1.09708
7 2.26999 1.07449
7 2.29564 1.04218
7 2.32129 1.02989
7 2.34694 1.00683
7 2.37259 0.98388
7 2.39824 0.961174
7 2.42389 0.942247
7 2.44954 0.931451
7 2.47519 0.915048
7 2.50084 0.907593
7 2.52649 0.895739
7 2.55214 0.894639
8 0.0128248 0
8 0.0384745 0
8 0.0641241 0
8 0.0897737 0
8 0.115423 0
8 0.141073 0
8 0.166723 0
8 0.192372 0
8 0.218022 0
8 0.243672 0
8 0.269321 0
8 0.294971 0
8 0.32062 0
8 0.34627 0
8 0.37192 0
8 0.397569 0
8 0.423219 0
8 0.448869 0
8 0.474518 0
8 0.500168 0
8 0.525818 0
8 0.551467 0
8 0.577117 0
8 0.602767 0
8 0.628416 0
8 0.654066 0
8 0.679715 0
8 0.705365 0
8 0.731015 0
8 0.756664 0
8 0.782314 0
8 0.807964 0
8 0.833613 0
8 0.859263 0
8 0.884913 0.000275116
8 0.910562 0.0219128
8 0.936212 0.155751
8 0.961861 0.560495
8 0.987511 1.19997
8 1.01316 1.85987
8 1.03881 2.33168
8 1.06446 2.56007
8 1.09011 2.54822
8 1.11576 2.4094
8 1.14141 2.19716
8 1.16706 2.00062
8 1.19271 1.77097
8 1.21836 1.58597
8 1.24401 1.39535
8 1.26966 1.25592
8 1.29531 1.12779
8 1.32096 1.02466
8 1.34661 0.947468
8 1.37226 0.880117
8 1.39791 0.820076
8 1.42355 0.774348
8 1.4492 0.742872
8 1.47485 0.704746
8 1.5005 0.673841
8 1.52615 0.666675
8 1.5518 0.665068
8 1.57745 0.668754
8 1.6031 0.673039
8 1.62875 0.687282
8 1.6544 0.69324
8 1.68005 0.716531
8 1.7057 0.732614
8 1.73135 0.778174
8 1.757 0.789258
8 1.78265 0.846167
8 1.8083 0.877063
8 1.83395 0.925641
8 1.8596 0.971805
8 1.88525 1.02618
8 1.9109 1.05674
8 1.93655 1.08736
8 1.9622 1.14206
8 1.98785 1.16778
8 2.0135 1.20491
8 2.03915 1.20947
8 2.0648 1.22905
8 2.09045 1.23771
8 2.1161 1.21417
8 2.14174 1.20156
8 2.16739 1.18057
8 2.19304 1.16216
8 2.21869 1.13327
8 2.24434 1.10264
8 2.26999 1.07636
8 2.29564 1.04789
8 2.32129 1.0146
8 2.34694 0.998657
8 2.37259 0.97079
8 2.39824 0.949337
8 2.42389 0.929865
8 2.44954 0.906017
8 2.47519 0.894898
8 2.50084 0.877335
8 2.52649 0.874137
8 2.55214 0.867515
9 0.0128248 0
9 0.0384745 0
9 0.0641241 0
9 0.0897737 0
9 0.115423 0
9 0.141073 0
9 0.166723 0
9 0.192372 0
9 0.218022 0
9 0.243672 0
9 0.269321 0
9 0.294971 0
9 0.32062 0
9 0.34627 0
9 0.37192 0
9 0.397569 0
9 0.423219 0
9 0.448869 0
9 0.474518 0
9 0.500168 0
9 0.525818 0
9 0.551467 0
9 0.577117 0
9 0.602767 0
9 0.628416 0
9 0.654066 0
9 0.679715 0
9 0.705365 0
9 0.731015 0
9 0.756664 0
9 0.782314 0
9 0.807964 0
9 0.833613 0
9 0.859263 0
9 0.884913 0.00165069
9 0.910562 0.0200939
9 0.936212 0.151245
9 0.961861 0.562047
9 0.987511 1.15454
9 1.01316 1.86728
9 1.03881 2.30566
9 1.06446 2.55861
9 1.09011 2.59312
9 1.11576 2.41165
9 1.14141 2.21987
9 1.16706 1.97906
9 1.19271 1.76714
9 1.21836 1.56938
9 1.24401 1.40848
9 1.26966 1.26492
9 1.29531 1.14641
9 1.32096 1.03438
9 1.34661 0.952577
9 1.37226 0.864252
9 1.39791 0.821069
9 1.42355 0.768891
9 1.4492 0.73405
9 1.47485 0.701015
9 1.5005 0.683538
9 1.52615 0.680365
9 1.5518 0.675566
9 1.57745 0.66532
9 1.6031 0.675693
9 1.62875 0.68896
9 1.6544 0.683375
9 1.68005 0.716251
9 1.7057 0.744462
9 1.73135 0.774221
9 1.757 0.811591
9 1.78265 0.852879
9 1.8083 0.893425
9 1.83395 0.930338
9 1.8596 0.972137
9 1.88525 1.0158
9 1.9109 1.05153
9 1.93655 1.08707
9 1.9622 1.12257
9 1.98785 1.15464
9 2.0135 1.18512
9 2.03915 1.19677
9 2.0648 1.21218
9 2.09045 1.22655
9 2.1161 1.22512
9 2.14174 1.19364
9 2.16739 1.19385
9 2.19304 1.15762
9 2.21869 1.13642
9 2.24434 1.10202
9 2.26999 1.07336
9 2.29564 1.04375
9 2.32129 1.01521
9 2.34694 0.992881
9 2.37259 0.96399
9 2.39824 0.943955
9 2.42389 0.929095
9 2.44954 0.910948
9 2.47519 0.900219
9 2.50084 0.897809
9 2.52649 0.883981
9 2.55214 0.886039
10 0.0128248 0
10 0.0384745 0
10 0.0641241 0
10 0.0897737 0
10 0.115423 0
10 0.141073 0
10 0.166723 0
10 0.192372 0
10 0.218022 0
10 0.243672 0
10 0.269321 0
10 0.294971 0
10 0.32062 0
10 0.34627 0
10 0.37192 0
10 0.397569 0
10 0.423219 0
10 0.448869 0
10 0.474518 0
10 0.500168 0
10 0.525818 0
10 0.551467 0
10 0.577117 0
10 0.602767 0
10 0.628416 0
10 0.654066 0
10 0.679715 0
10 0.705365 0
10 0.731015 0
10 0.756664 0
10 0.782314 0
10 0.807964 0
10 0.833613 0
10 0.859263 0
10 0.884913 0.00128387
10 0.910562 0.0231254
10 0.936212 0.160667
10 0.961861 0.574777
10 0.987511 1.1985
10 1.01316 1.88113
10 1.03881 2.32623
10 1.06446 2.54803
10 1.09011 2.55052
10 1.11576 2.40098
10 1.14141 2.17605
10 1.16706 1.97906
10 1.19271 1.74235
10 1.21836 1.57276
10 1.24401 1.39707
10 1.26966 1.25312
10 1.29531 1.1313
10 1.32096 1.01009
10 1.34661 0.933528
10 1.37226 0.86696
10 1.39791 0.809676
10 1.42355 0.769316
10 1.4492 0.723347
10 1.47485 0.721088
10 1.5005 0.701527
10 1.52615 0.682893
10 1.5518 0.67321
10 1.57745 0.682289
10 1.6031 0.669126
10 1.62875 0.689014
10 1.6544 0.722338
10 1.68005 0.728439
10 1.7057 0.755323
10 1.73135 0.783516
10 1.757 0.821036
10 1.78265 0.851568
10 1.8083 0.896807
10 1.83395 0.943385
10 1.8596 0.9917
10 1.88525 1.01317
10 1.9109 1.06105
10 1.93655 1.09824
10 1.9622 1.11698
10 1.98785 1.15622
10 2.0135 1.17185
10 2.03915 1.19931
10 2.0648 1.1968
10 2.09045 1.19744
10 2.1161 1.19124
10 2.14174 1.17482
10 2.16739 1.17182
10 2.19304 1.14674
10 2.21869 1.13469
10 2.24434 1.09698
10 2.26999 1.07328
10 2.29564 1.0406
10 2.32129 1.00956
10 2.34694 1.00138
10 2.37259 0.97995
10 2.39824 0.957578
10 2.42389 0.938495
10 2.44954 0.925418
10 2.47519 0.920276
10 2.50084 0.903229
10 2.52649 0.89674
10 2.55214 0.884661
