10 0.0323165 0 0
10 0.0969496 0 0
10 0.161583 0 0
10 0.226216 0 0
10 0.290849 0 0
10 0.355482 0 0
10 0.420115 0 0
10 0.484748 0 0
10 0.549381 0 0
10 0.614014 0 0
10 0.678647 0 0
10 0.74328 0 0
10 0.807913 0 0
10 0.872546 0.0419078 0.0419078
10 0.937179 59.6749 10.4179
10 1.00181 587.522 107.692
10 1.06645 1141.06 215.026
10 1.13108 1144.24 210.672
10 1.19571 1041.54 195.818
10 1.26034 969.283 187.56
10 1.32498 842.882 154.574
10 1.38961 750.804 143.646
10 1.45424 649.119 123.89
10 1.51888 607.75 110.406
10 1.58351 584.107 112.083
10 1.64814 561.207 105.64
10 1.71278 544.181 97.5246
10 1.77741 529.654 101.195
10 1.84204 505.274 96.9875
10 1.90667 533.869 98.5163
10 1.97131 570.346 110.397
10 2.03594 584.406 110.425
10 2.10057 517.472 98.4154
10 2.16521 519.683 93.8906
10 2.22984 483.715 90.0946
10 2.29447 517.538 96.6262
10 2.35911 546.629 102.449
10 2.42374 555.936 104.999
10 2.48837 528.623 100.25
10 2.55301 523.413 97.6951
10 2.61764 548.485 103.005
10 2.68227 547.289 98.7845
10 2.7469 514.952 94.6032
10 2.81154 540.649 102.866
10 2.87617 543.942 101.902
10 2.9408 550.889 104.477
10 3.00544 543.339 102.488
10 3.07007 529.738 103.882
10 3.1347 506.049 99.9268
10 3.19934 481.746 95.327
10 3.26397 490.453 94.0054
10 3.3286 493.791 95.4981
10 3.39323 510.909 96.829
10 3.45787 505.697 97.4117
10 3.5225 498.448 96.3731
10 3.58713 500.735 95.1459
10 3.65177 499.904 93.321
10 3.7164 495.143 95.9852
10 3.78103 499.703 98.5354
10 3.84567 479.731 93.5239
10 3.9103 477.685 92.9483
10 3.97493 481.987 93.5093
10 4.03957 494.749 96.0378
10 4.1042 489.599 96.31
10 4.16883 499.57 95.0921
10 4.23346 520.606 97.3116
10 4.2981 506.574 97.7913
10 4.36273 483.994 94.6144
10 4.42736 485.055 94.8795
10 4.492 492.134 95.7288
10 4.55663 494.393 96.6949
10 4.62126 492.89 94.7451
10 4.6859 484.373 94.5757
10 4.75053 497.392 95.1252
10 4.81516 498.374 96.4301
10 4.87979 505.819 100.078
10 4.94443 492.243 97.3801
10 5.00906 512.738 98.9935
10 5.07369 513.319 98.1619
10 5.13833 491.199 95.093
10 5.20296 487.54 93.6117
10 5.26759 478.444 92.2793
10 5.33223 492.149 95.6324
10 5.39686 486.176 93.6994
10 5.46149 487.977 93.3277
10 5.52612 481.242 92.1962
10 5.59076 494.396 94.1373
10 5.65539 506.406 96.4128
10 5.72002 505.716 96.737
10 5.78466 499.881 97.237
10 5.84929 495.714 94.9881
10 5.91392 490.74 94.0478
10 5.97856 499.874 97.2527
10 6.04319 511.727 98.6886
10 6.10782 514.7 99.0934
10 6.17246 512.089 100.171
10 6.23709 490.406 95.9636
10 6.30172 493.224 96.3356
10 6.36635 498.339 95.5404
10 6.43099 509.192 95.7366
