10 0.0115332 0 0
10 0.0345996 0 0
10 0.0576661 0 0
10 0.0807325 0 0
10 0.103799 0 0
10 0.126865 0 0
10 0.149932 0 0
10 0.172998 0 0
10 0.196065 0 0
10 0.219131 0 0
10 0.242198 0 0
10 0.265264 0 0
10 0.28833 0 0
10 0.311397 0 0
10 0.334463 0 0
10 0.35753 0 0
10 0.380596 0 0
10 0.403663 0 0
10 0.426729 0 0
10 0.449795 0 0
10 0.472862 0 0
10 0.495928 0 0
10 0.518995 0 0
10 0.542061 0 0
10 0.565128 0 0
10 0.588194 0 0
10 0.61126 0 0
10 0.634327 0 0
10 0.657393 0 0
10 0.68046 0 0
10 0.703526 0 0
10 0.726593 0 0
10 0.749659 0 0
10 0.772725 0 0
10 0.795792 0 0
10 0.818858 0 0
10 0.841925 0 0
10 0.864991 0 0
10 0.888058 0 0
10 0.911124 1.1239 0.228897
10 0.93419 22.1121 4.8916
10 0.957257 164.384 30.3308
10 0.980323 533.18 101.714
10 1.00339 1150.78 221.077
10 1.02646 1837.76 348.81
10 1.04952 2281.02 437.87
10 1.07259 2417.04 460.655
10 1.09566 2203.53 419.336
10 1.11872 1784.62 345.38
10 1.14179 1347.06 259.932
10 1.16485 912.726 176.725
10 1.18792 578.082 110.726
10 1.21099 343.201 64.626
10 1.23405 190.018 35.1613
10 1.25712 95.4427 18.2525
10 1.28019 50.3558 8.86289
10 1.30325 27.4432 5.38278
10 1.32632 23.3536 4.01835
10 1.34939 30.3167 5.59892
10 1.37245 57.0782 11.0852
10 1.39552 96.0039 18.275
10 1.41859 158.186 30.184
10 1.44165 243.321 46.0492
10 1.46472 319.565 61.4333
10 1.48778 407.041 76.8522
10 1.51085 445.833 85.7989
10 1.53392 465.729 89.9266
10 1.55698 433.918 82.9999
10 1.58005 388.975 73.906
10 1.60312 316.95 61.2706
10 1.62618 239.407 46.3428
10 1.64925 169.623 32.4721
10 1.67232 125.602 23.7525
10 1.69538 108.553 20.4698
10 1.71845 145.21 26.3334
10 1.74152 241.984 44.823
10 1.76458 402.885 76.4099
10 1.78765 611.675 115.711
10 1.81071 846.944 162.739
10 1.83378 1097.8 210.187
10 1.85685 1271.56 244.777
10 1.87991 1309.06 253.08
10 1.90298 1262.03 243.553
10 1.92605 1080.71 207.318
10 1.94911 844.03 161.504
10 1.97218 608.667 115.762
10 1.99525 413.125 78.3956
10 2.01831 289.742 54.8877
10 2.04138 238.555 45.1207
10 2.06445 248.87 46.6862
10 2.08751 307.865 58.2074
10 2.11058 384.898 72.8637
10 2.13364 449.773 86.3523
10 2.15671 488.473 93.5775
10 2.17978 485.19 93.3342
10 2.20284 450.831 86.9584
10 2.22591 391.965 75.7765
10 2.24898 336.705 64.579
10 2.27204 306.678 58.3772
10 2.29511 310.237 58.6769
