10 0.0128248 0 0
10 0.0384745 0 0
10 0.0641241 0 0
10 0.0897737 0 0
10 0.115423 0 0
10 0.141073 0 0
10 0.166723 0 0
10 0.192372 0 0
10 0.218022 0 0
10 0.243672 0 0
10 0.269321 0 0
10 0.294971 0 0
10 0.32062 0 0
10 0.34627 0 0
10 0.37192 0 0
10 0.397569 0 0
10 0.423219 0 0
10 0.448869 0 0
10 0.474518 0 0
10 0.500168 0 0
10 0.525818 0 0
10 0.551467 0 0
10 0.577117 0 0
10 0.602767 0 0
10 0.628416 0 0
10 0.654066 0 0
10 0.679715 0 0
10 0.705365 0 0
10 0.731015 0 0
10 0.756664 0 0
10 0.782314 0 0
10 0.807964 0 0
10 0.833613 0 0
10 0.859263 0 0
10 0.884913 1.50571 0.243347
10 0.910562 16.5239 2.80051
10 0.936212 81.197 15.4555
10 0.961861 275.665 52.5727
10 0.987511 590.672 112.707
10 1.01316 929.414 180.873
10 1.03881 1148.55 219.912
10 1.06446 1253.13 240.13
10 1.09011 1286.45 245.684
10 1.11576 1193.21 228.243
10 1.14141 1113.62 212.948
10 1.16706 999.353 192.512
10 1.19271 899.16 170.153
10 1.21836 810.053 153.941
10 1.24401 720.017 134.905
10 1.26966 646.942 123.354
10 1.29531 565.454 109.651
10 1.32096 504.092 97.0228
10 1.34661 466.171 90.4971
10 1.37226 438.907 82.1119
10 1.39791 410.641 77.2807
10 1.42355 380.024 72.5859
10 1.4492 369.899 69.9212
10 1.47485 354.632 67.6766
10 1.5005 341.158 66.4585
10 1.52615 338.059 64.4392
10 1.5518 328.27 63.3159
10 1.57745 327.725 63.9445
10 1.6031 326.364 63.1269
10 1.62875 331.09 63.8751
10 1.6544 336.154 64.6132
10 1.68005 349.085 66.6075
10 1.7057 362.756 69.8333
10 1.73135 390.966 74.4611
10 1.757 421.546 79.4154
10 1.78265 427.319 82.1208
10 1.8083 449 85.5694
10 1.83395 477.975 90.6774
10 1.8596 488.296 93.6645
10 1.88525 501.655 97.1427
10 1.9109 530.693 102.007
10 1.93655 557.549 107.808
10 1.9622 558.961 107.962
10 1.98785 585.602 112.347
10 2.0135 591.918 113.499
10 2.03915 607.133 115.275
10 2.0648 613.661 116.132
10 2.09045 614.752 115.836
10 2.1161 610.929 116.662
10 2.14174 599.38 114.119
10 2.16739 606.167 115.624
10 2.19304 586.416 110.76
10 2.21869 562.666 108.305
10 2.24434 552.735 106.33
10 2.26999 533.982 102.843
10 2.29564 526.684 100.565
10 2.32129 517.547 98.9073
10 2.34694 493.382 94.6199
10 2.37259 482.126 91.6593
10 2.39824 474 90.6365
10 2.42389 457.904 87.9848
10 2.44954 452.774 87.0557
10 2.47519 450.055 86.396
10 2.50084 440.705 84.9187
10 2.52649 440.974 84.0993
10 2.55214 438.648 83.6298
