10 0.0323165 0 0
10 0.0969496 0 0
10 0.161583 0 0
10 0.226216 0 0
10 0.290849 0 0
10 0.355482 0 0
10 0.420115 0 0
10 0.484748 0 0
10 0.549381 0 0
10 0.614014 0 0
10 0.678647 0 0
10 0.74328 0 0
10 0.807913 0 0
10 0.872546 0.000838155 0.00028503
10 0.937179 0.142721 0.00248415
10 1.00181 1.07287 0.0164072
10 1.06645 2.0256 0.0216641
10 1.13108 2.23434 0.0243579
10 1.19571 2.07479 0.0256493
10 1.26034 1.83294 0.0144245
10 1.32498 1.59346 0.0109254
10 1.38961 1.44872 0.00918777
10 1.45424 1.31554 0.0106272
10 1.51888 1.23946 0.0117316
10 1.58351 1.1882 0.00808052
10 1.64814 1.1351 0.00500252
10 1.71278 1.11156 0.0062925
10 1.77741 1.09201 0.00472705
10 1.84204 1.06483 0.00661743
10 1.90667 1.05742 0.00848833
10 1.97131 1.06619 0.0057325
10 2.03594 1.05662 0.00542045
10 2.10057 1.05071 0.0064139
10 2.16521 1.05449 0.00674849
10 2.22984 1.04454 0.00567796
10 2.29447 1.04022 0.00513847
10 2.35911 1.03553 0.00725203
10 2.42374 1.02848 0.004092
10 2.48837 1.01995 0.00468379
10 2.55301 1.01726 0.00545152
10 2.61764 1.01291 0.00499249
10 2.68227 1.01029 0.00460005
10 2.7469 1.00247 0.00459951
10 2.81154 1.00697 0.00463636
10 2.87617 1.00079 0.00572359
10 2.9408 0.998556 0.00320437
10 3.00544 0.996851 0.0052805
10 3.07007 0.994833 0.00304597
10 3.1347 0.997997 0.00512841
10 3.19934 0.99603 0.0043939
10 3.26397 0.996417 0.00459335
10 3.3286 0.997213 0.00274003
10 3.39323 0.995713 0.00429095
10 3.45787 0.989039 0.00341121
10 3.5225 0.993114 0.00216631
10 3.58713 0.993466 0.00432642
10 3.65177 0.990183 0.00310829
10 3.7164 0.990005 0.00362806
10 3.78103 0.990061 0.00217725
10 3.84567 0.988904 0.00324467
10 3.9103 0.988468 0.00235282
10 3.97493 0.98948 0.00256065
10 4.03957 0.986177 0.00326272
10 4.1042 0.988012 0.00428802
10 4.16883 0.990362 0.00244336
10 4.23346 0.98874 0.00139448
10 4.2981 0.98638 0.00179328
10 4.36273 0.98554 0.0032818
10 4.42736 0.986262 0.00216167
10 4.492 0.987446 0.00307117
10 4.55663 0.986371 0.00220704
10 4.62126 0.987627 0.00198377
10 4.6859 0.98808 0.00196026
10 4.75053 0.98698 0.00272517
10 4.81516 0.987966 0.00144975
10 4.87979 0.986406 0.00203485
10 4.94443 0.986204 0.00258551
10 5.00906 0.984617 0.00149609
10 5.07369 0.989442 0.00157385
10 5.13833 0.984657 0.00131267
10 5.20296 0.986536 0.00141656
10 5.26759 0.989291 0.0020007
10 5.33223 0.986917 0.00185738
10 5.39686 0.987712 0.00204914
10 5.46149 0.988792 0.0016733
10 5.52612 0.986526 0.00147769
10 5.59076 0.986806 0.00122198
10 5.65539 0.984348 0.00140652
10 5.72002 0.985278 0.00149477
10 5.78466 0.987466 0.00129682
10 5.84929 0.987303 0.00130972
10 5.91392 0.985954 0.00148307
10 5.97856 0.988176 0.00134034
10 6.04319 0.987263 0.00129731
10 6.10782 0.984754 0.00161279
10 6.17246 0.988184 0.000980941
10 6.23709 0.987831 0.0017806
10 6.30172 0.987766 0.0013062
10 6.36635 0.986331 0.00164689
10 6.43099 0.98775 0.00133112
