1 0.0323165 0
1 0.0969496 0
1 0.161583 0
1 0.226216 0
1 0.290849 0
1 0.355482 0
1 0.420115 0
1 0.484748 0
1 0.549381 0
1 0.614014 0
1 0.678647 0
1 0.74328 0
1 0.807913 0
1 0.872546 0.00239473
1 0.937179 0.134936
1 1.00181 1.01923
1 1.06645 1.95967
1 1.13108 2.21396
1 1.19571 2.06755
1 1.26034 1.88738
1 1.32498 1.55273
1 1.38961 1.40436
1 1.45424 1.27068
1 1.51888 1.20636
1 1.58351 1.17172
1 1.64814 1.1325
1 1.71278 1.10833
1 1.77741 1.06153
1 1.84204 1.04237
1 1.90667 1.01555
1 1.97131 1.06152
1 2.03594 1.05273
1 2.10057 1.0464
1 2.16521 1.03739
1 2.22984 1.03581
1 2.29447 1.02661
1 2.35911 1.00726
1 2.42374 1.01752
1 2.48837 1.00181
1 2.55301 1.00217
1 2.61764 0.998143
1 2.68227 1.00754
1 2.7469 0.992893
1 2.81154 0.998013
1 2.87617 0.994675
1 2.9408 0.99177
1 3.00544 0.974563
1 3.07007 0.981325
1 3.1347 0.993343
1 3.19934 0.990368
1 3.26397 0.987745
1 3.3286 1.00561
1 3.39323 0.981963
1 3.45787 0.986366
1 3.5225 0.99361
1 3.58713 0.980276
1 3.65177 0.980899
1 3.7164 0.98498
1 3.78103 0.992453
1 3.84567 0.98102
1 3.9103 0.992458
1 3.97493 0.981255
1 4.03957 0.979671
1 4.1042 0.98907
1 4.16883 0.997263
1 4.23346 0.985033
1 4.2981 0.9893
1 4.36273 0.981432
1 4.42736 0.983764
1 4.492 0.995794
1 4.55663 0.983272
1 4.62126 0.98957
1 4.6859 0.987069
1 4.75053 0.988217
1 4.81516 0.989911
1 4.87979 0.99477
1 4.94443 0.979864
1 5.00906 0.985291
1 5.07369 0.992358
1 5.13833 0.984355
1 5.20296 0.985638
1 5.26759 0.991477
1 5.33223 0.984731
1 5.39686 0.990751
1 5.46149 0.991121
1 5.52612 0.992846
1 5.59076 0.988128
1 5.65539 0.985361
1 5.72002 0.984166
1 5.78466 0.987957
1 5.84929 0.98501
1 5.91392 0.98266
1 5.97856 0.984147
1 6.04319 0.985684
1 6.10782 0.9946
1 6.17246 0.990026
1 6.23709 0.985099
1 6.30172 0.988949
1 6.36635 0.992665
1 6.43099 0.990729
2 0.0323165 0
2 0.0969496 0
2 0.161583 0
2 0.226216 0
2 0.290849 0
2 0.355482 0
2 0.420115 0
2 0.484748 0
2 0.549381 0
2 0.614014 0
2 0.678647 0
2 0.74328 0
2 0.807913 0
2 0.872546 0.000598682
2 0.937179 0.149987
2 1.00181 1.12551
2 1.06645 2.08713
2 1.13108 2.35578
2 1.19571 2.11251
2 1.26034 1.79611
2 1.32498 1.58987
2 1.38961 1.48464
2 1.45424 1.36144
2 1.51888 1.22968
2 1.58351 1.18827
2 1.64814 1.11554
2 1.71278 1.11486
2 1.77741 1.11522
2 1.84204 1.07932
2 1.90667 1.09958
2 1.97131 1.10177
2 2.03594 1.07
2 2.10057 1.06325
2 2.16521 1.06822
2 2.22984 1.05846
2 2.29447 1.06333
2 2.35911 1.05831
2 2.42374 1.04034
2 2.48837 1.04187
2 2.55301 1.02896
2 2.61764 1.03601
2 2.68227 1.02471
2 2.7469 1.02051
2 2.81154 1.02039
2 2.87617 1.02731
2 2.9408 1.00416
2 3.00544 1.02974
2 3.07007 1.00484
2 3.1347 1.01961
2 3.19934 1.01621
2 3.26397 1.02931
2 3.3286 1.00314
2 3.39323 1.01618
2 3.45787 1.00196
2 3.5225 1.00254
2 3.58713 1.01805
2 3.65177 1.00056
2 3.7164 1.00783
2 3.78103 0.98416
2 3.84567 0.993075
2 3.9103 1.00161
2 3.97493 1.00942
2 4.03957 1.00144
2 4.1042 1.00623
2 4.16883 0.989706
2 4.23346 0.999383
2 4.2981 0.992188
2 4.36273 1.00673
2 4.42736 0.991371
2 4.492 1.00212
2 4.55663 1.00075
2 4.62126 0.99557
2 4.6859 0.998948
2 4.75053 0.997774
2 4.81516 0.990875
2 4.87979 0.985234
2 4.94443 0.99542
2 5.00906 0.992306
2 5.07369 0.988124
2 5.13833 0.993215
2 5.20296 0.986952
2 5.26759 1.00461
2 5.33223 0.997722
2 5.39686 0.996262
2 5.46149 0.988507
2 5.52612 0.994055
2 5.59076 0.996079
2 5.65539 0.981853
2 5.72002 0.989741
2 5.78466 0.990165
2 5.84929 0.994833
2 5.91392 0.988318
2 5.97856 0.991534
2 6.04319 0.988544
2 6.10782 0.989576
2 6.17246 0.983036
2 6.23709 0.983165
2 6.30172 0.990694
2 6.36635 0.985093
2 6.43099 0.980608
3 0.0323165 0
3 0.0969496 0
3 0.161583 0
3 0.226216 0
3 0.290849 0
3 0.355482 0
3 0.420115 0
3 0.484748 0
3 0.549381 0
3 0.614014 0
3 0.678647 0
3 0.74328 0
3 0.807913 0
3 0.872546 0.00119736
3 0.937179 0.150506
3 1.00181 1.02014
3 1.06645 1.99534
3 1.13108 2.21325
3 1.19571 1.92183
3 1.26034 1.77086
3 1.32498 1.58078
3 1.38961 1.40554
3 1.45424 1.25796
3 1.51888 1.24608
3 1.58351 1.18427
3 1.64814 1.11487
3 1.71278 1.10476
3 1.77741 1.08736
3 1.84204 1.03794
3 1.90667 1.04665
3 1.97131 1.05659
3 2.03594 1.02589
3 2.10057 1.06687
3 2.16521 1.05723
3 2.22984 1.02618
3 2.29447 1.03579
3 2.35911 1.01415
3 2.42374 1.0273
3 2.48837 1.01256
3 2.55301 0.992092
3 2.61764 1.00034
3 2.68227 1.01039
3 2.7469 0.989811
3 2.81154 1.01688
3 2.87617 0.979406
3 2.9408 1.00522
3 3.00544 0.989051
3 3.07007 0.99729
3 3.1347 1.00012
3 3.19934 0.988675
3 3.26397 1.00328
3 3.3286 0.992315
3 3.39323 0.990398
3 3.45787 0.986328
3 3.5225 0.99519
3 3.58713 0.982084
3 3.65177 0.994953
3 3.7164 1.00221
3 3.78103 0.992358
3 3.84567 0.988913
3 3.9103 0.98381
3 3.97493 0.99124
3 4.03957 0.982075
3 4.1042 0.986878
3 4.16883 0.980076
3 4.23346 0.986509
3 4.2981 0.97876
3 4.36273 0.975897
3 4.42736 0.997862
3 4.492 0.982461
3 4.55663 0.992233
3 4.62126 0.989164
3 4.6859 0.988544
3 4.75053 0.993006
3 4.81516 0.983303
3 4.87979 0.986708
3 4.94443 0.993555
3 5.00906 0.986854
3 5.07369 0.984333
3 5.13833 0.985927
3 5.20296 0.984038
3 5.26759 0.988716
3 5.33223 0.993023
3 5.39686 0.984207
3 5.46149 0.986841
3 5.52612 0.985828
3 5.59076 0.984641
3 5.65539 0.981611
3 5.72002 0.987009
3 5.78466 0.989143
3 5.84929 0.985477
3 5.91392 0.988396
3 5.97856 0.978891
3 6.04319 0.987807
3 6.10782 0.985848
3 6.17246 0.990696
3 6.23709 0.995027
3 6.30172 0.991234
3 6.36635 0.984542
3 6.43099 0.99267
4 0.0323165 0
4 0.0969496 0
4 0.161583 0
4 0.226216 0
4 0.290849 0
4 0.355482 0
4 0.420115 0
4 0.484748 0
4 0.549381 0
4 0.614014 0
4 0.678647 0
4 0.74328 0
4 0.807913 0
4 0.872546 0
4 0.937179 0.139607
4 1.00181 1.13868
4 1.06645 2.0234
4 1.13108 2.3255
4 1.19571 2.10008
4 1.26034 1.91953
4 1.32498 1.62597
4 1.38961 1.43458
4 1.45424 1.34269
4 1.51888 1.25063
4 1.58351 1.19554
4 1.64814 1.13032
4 1.71278 1.13444
4 1.77741 1.10454
4 1.84204 1.06817
4 1.90667 1.06083
4 1.97131 1.06598
4 2.03594 1.07132
4 2.10057 1.04423
4 2.16521 1.04692
4 2.22984 1.05406
4 2.29447 1.05216
4 2.35911 1.03987
4 2.42374 1.04803
4 2.48837 1.03575
4 2.55301 1.02029
4 2.61764 1.0225
4 2.68227 1.01888
4 2.7469 1.01181
4 2.81154 1.02622
4 2.87617 1.01242
4 2.9408 1.01334
4 3.00544 1.00288
4 3.07007 0.995065
4 3.1347 1.01724
4 3.19934 1.00453
4 3.26397 0.987189
4 3.3286 0.999806
4 3.39323 0.998556
4 3.45787 0.992811
4 3.5225 1.00309
4 3.58713 1.00806
4 3.65177 1.0035
4 3.7164 0.985442
4 3.78103 1.00272
4 3.84567 0.996282
4 3.9103 0.988015
4 3.97493 0.982092
4 4.03957 1.00166
4 4.1042 0.993239
4 4.16883 0.989234
4 4.23346 0.989486
4 4.2981 0.990115
4 4.36273 0.994489
4 4.42736 0.989324
4 4.492 0.991726
4 4.55663 0.989883
4 4.62126 0.987776
4 4.6859 0.98979
4 4.75053 0.991187
4 4.81516 0.984365
4 4.87979 0.989734
4 4.94443 0.994114
4 5.00906 0.984764
4 5.07369 0.996715
4 5.13833 0.981402
4 5.20296 0.984779
4 5.26759 0.990885
4 5.33223 0.983577
4 5.39686 0.991738
4 5.46149 0.987131
4 5.52612 0.987216
4 5.59076 0.987763
4 5.65539 0.984263
4 5.72002 0.978619
4 5.78466 0.990887
4 5.84929 0.991994
4 5.91392 0.988853
4 5.97856 0.992312
4 6.04319 0.992402
4 6.10782 0.987755
4 6.17246 0.9895
4 6.23709 0.989202
4 6.30172 0.988466
4 6.36635 0.988716
4 6.43099 0.990343
5 0.0323165 0
5 0.0969496 0
5 0.161583 0
5 0.226216 0
5 0.290849 0
5 0.355482 0
5 0.420115 0
5 0.484748 0
5 0.549381 0
5 0.614014 0
5 0.678647 0
5 0.74328 0
5 0.807913 0
5 0.872546 0
5 0.937179 0.13805
5 1.00181 1.13414
5 1.06645 2.06548
5 1.13108 2.14804
5 1.19571 2.09338
5 1.26034 1.85237
5 1.32498 1.58805
5 1.38961 1.46811
5 1.45424 1.31143
5 1.51888 1.18699
5 1.58351 1.21264
5 1.64814 1.13837
5 1.71278 1.11113
5 1.77741 1.09487
5 1.84204 1.05258
5 1.90667 1.05543
5 1.97131 1.04979
5 2.03594 1.04888
5 2.10057 1.02491
5 2.16521 1.06258
5 2.22984 1.0459
5 2.29447 1.02678
5 2.35911 1.04323
5 2.42374 1.01737
5 2.48837 1.00151
5 2.55301 1.0298
5 2.61764 1.00147
5 2.68227 0.999867
5 2.7469 0.988844
5 2.81154 0.99086
5 2.87617 0.996494
5 2.9408 0.989872
5 3.00544 0.976632
5 3.07007 0.988389
5 3.1347 0.978029
5 3.19934 0.995001
5 3.26397 0.988345
5 3.3286 0.978857
5 3.39323 0.977646
5 3.45787 0.970806
5 3.5225 0.982254
5 3.58713 0.97776
5 3.65177 0.972385
5 3.7164 0.984221
5 3.78103 0.985978
5 3.84567 0.980927
5 3.9103 0.9788
5 3.97493 0.987633
5 4.03957 0.982634
5 4.1042 0.955746
5 4.16883 0.985613
5 4.23346 0.989409
5 4.2981 0.981228
5 4.36273 0.981911
5 4.42736 0.977692
5 4.492 0.97654
5 4.55663 0.977365
5 4.62126 0.974495
5 4.6859 0.982687
5 4.75053 0.984984
5 4.81516 0.987453
5 4.87979 0.982783
5 4.94443 0.97742
5 5.00906 0.981747
5 5.07369 0.985591
5 5.13833 0.986099
5 5.20296 0.988131
5 5.26759 0.982471
5 5.33223 0.981027
5 5.39686 0.981859
5 5.46149 0.979717
5 5.52612 0.980601
5 5.59076 0.983226
5 5.65539 0.981169
5 5.72002 0.984055
5 5.78466 0.98917
5 5.84929 0.986396
5 5.91392 0.983911
5 5.97856 0.986393
5 6.04319 0.986022
5 6.10782 0.98179
5 6.17246 0.987022
5 6.23709 0.98157
5 6.30172 0.985366
5 6.36635 0.992901
5 6.43099 0.984158
6 0.0323165 0
6 0.0969496 0
6 0.161583 0
6 0.226216 0
6 0.290849 0
6 0.355482 0
6 0.420115 0
6 0.484748 0
6 0.549381 0
6 0.614014 0
6 0.678647 0
6 0.74328 0
6 0.807913 0
6 0.872546 0
6 0.937179 0.153619
6 1.00181 1.04466
6 1.06645 1.96207
6 1.13108 2.16799
6 1.19571 2.12591
6 1.26034 1.84175
6 1.32498 1.54806
6 1.38961 1.4386
6 1.45424 1.32609
6 1.51888 1.20715
6 1.58351 1.153
6 1.64814 1.12058
6 1.71278 1.09077
6 1.77741 1.08246
6 1.84204 1.05567
6 1.90667 1.06183
6 1.97131 1.04873
6 2.03594 1.03986
6 2.10057 1.03979
6 2.16521 1.03408
6 2.22984 1.02077
6 2.29447 1.03406
6 2.35911 1.02021
6 2.42374 1.02109
6 2.48837 1.02338
6 2.55301 1.00468
6 2.61764 1.00333
6 2.68227 0.992832
6 2.7469 0.98836
6 2.81154 0.993225
6 2.87617 1.01176
6 2.9408 0.998888
6 3.00544 0.983649
6 3.07007 0.988147
6 3.1347 0.969769
6 3.19934 0.976691
6 3.26397 0.984492
6 3.3286 0.998983
6 3.39323 1.00723
6 3.45787 0.984154
6 3.5225 0.98931
6 3.58713 0.986513
6 3.65177 0.984079
6 3.7164 0.975208
6 3.78103 0.981896
6 3.84567 0.970135
6 3.9103 0.989655
6 3.97493 0.98922
6 4.03957 0.990402
6 4.1042 0.980841
6 4.16883 0.97719
6 4.23346 0.98287
6 4.2981 0.981697
6 4.36273 0.977694
6 4.42736 0.978716
6 4.492 0.968088
6 4.55663 0.988214
6 4.62126 0.986815
6 4.6859 0.981254
6 4.75053 0.983832
6 4.81516 0.994337
6 4.87979 0.975601
6 4.94443 0.980573
6 5.00906 0.978494
6 5.07369 0.986406
6 5.13833 0.977153
6 5.20296 0.982371
6 5.26759 0.984969
6 5.33223 0.992462
6 5.39686 0.994869
6 5.46149 0.996717
6 5.52612 0.986141
6 5.59076 0.985531
6 5.65539 0.978132
6 5.72002 0.982954
6 5.78466 0.98545
6 5.84929 0.989768
6 5.91392 0.992647
6 5.97856 0.99244
6 6.04319 0.988806
6 6.10782 0.983159
6 6.17246 0.988805
6 6.23709 0.996129
6 6.30172 0.988811
6 6.36635 0.987163
6 6.43099 0.992141
7 0.0323165 0
7 0.0969496 0
7 0.161583 0
7 0.226216 0
7 0.290849 0
7 0.355482 0
7 0.420115 0
7 0.484748 0
7 0.549381 0
7 0.614014 0
7 0.678647 0
7 0.74328 0
7 0.807913 0
7 0.872546 0.000598682
7 0.937179 0.151544
7 1.00181 1.12869
7 1.06645 2.10837
7 1.13108 2.33298
7 1.19571 2.22507
7 1.26034 1.83142
7 1.32498 1.66492
7 1.38961 1.47
7 1.45424 1.34096
7 1.51888 1.31051
7 1.58351 1.24482
7 1.64814 1.15902
7 1.71278 1.1461
7 1.77741 1.09862
7 1.84204 1.10418
7 1.90667 1.09996
7 1.97131 1.0871
7 2.03594 1.07275
7 2.10057 1.08567
7 2.16521 1.10061
7 2.22984 1.07552
7 2.29447 1.06559
7 2.35911 1.08133
7 2.42374 1.05051
7 2.48837 1.02191
7 2.55301 1.04204
7 2.61764 1.0422
7 2.68227 1.0403
7 2.7469 1.02988
7 2.81154 1.02414
7 2.87617 1.02439
7 2.9408 1.0021
7 3.00544 0.995412
7 3.07007 1.01238
7 3.1347 1.01492
7 3.19934 1.01322
7 3.26397 1.00915
7 3.3286 1.00252
7 3.39323 1.00561
7 3.45787 1.00479
7 3.5225 0.997505
7 3.58713 1.00845
7 3.65177 0.99827
7 3.7164 1.00149
7 3.78103 0.999247
7 3.84567 1.00649
7 3.9103 0.990311
7 3.97493 0.993636
7 4.03957 0.975536
7 4.1042 0.991805
7 4.16883 1.00107
7 4.23346 0.986687
7 4.2981 0.988066
7 4.36273 0.98227
7 4.42736 0.978483
7 4.492 0.990393
7 4.55663 0.985117
7 4.62126 0.991192
7 4.6859 0.987692
7 4.75053 0.998239
7 4.81516 0.991072
7 4.87979 0.995555
7 4.94443 0.982177
7 5.00906 0.982856
7 5.07369 0.987309
7 5.13833 0.986704
7 5.20296 0.986177
7 5.26759 0.986875
7 5.33223 0.98943
7 5.39686 0.979009
7 5.46149 0.99502
7 5.52612 0.984932
7 5.59076 0.984159
7 5.65539 0.988184
7 5.72002 0.985769
7 5.78466 0.982343
7 5.84929 0.979879
7 5.91392 0.976388
7 5.97856 0.989225
7 6.04319 0.97858
7 6.10782 0.977976
7 6.17246 0.987345
7 6.23709 0.983294
7 6.30172 0.986422
7 6.36635 0.975305
7 6.43099 0.985426
8 0.0323165 0
8 0.0969496 0
8 0.161583 0
8 0.226216 0
8 0.290849 0
8 0.355482 0
8 0.420115 0
8 0.484748 0
8 0.549381 0
8 0.614014 0
8 0.678647 0
8 0.74328 0
8 0.807913 0
8 0.872546 0.00179605
8 0.937179 0.138569
8 1.00181 1.03195
8 1.06645 1.96808
8 1.13108 2.20291
8 1.19571 1.98879
8 1.26034 1.78779
8 1.32498 1.60935
8 1.38961 1.44001
8 1.45424 1.29202
8 1.51888 1.22849
8 1.58351 1.16809
8 1.64814 1.13904
8 1.71278 1.07865
8 1.77741 1.09054
8 1.84204 1.06495
8 1.90667 1.02985
8 1.97131 1.07138
8 2.03594 1.07693
8 2.10057 1.06614
8 2.16521 1.04965
8 2.22984 1.0536
8 2.29447 1.02479
8 2.35911 1.03135
8 2.42374 1.0235
8 2.48837 1.00674
8 2.55301 1.01616
8 2.61764 1.00174
8 2.68227 1.00779
8 2.7469 1.00353
8 2.81154 0.99709
8 2.87617 0.977973
8 2.9408 1.00954
8 3.00544 1.00773
8 3.07007 0.993226
8 3.1347 0.994132
8 3.19934 0.980879
8 3.26397 1.00217
8 3.3286 0.987541
8 3.39323 0.993606
8 3.45787 0.999981
8 3.5225 0.99361
8 3.58713 0.987931
8 3.65177 0.994543
8 3.7164 0.997163
8 3.78103 0.987956
8 3.84567 0.996899
8 3.9103 0.993621
8 3.97493 0.9829
8 4.03957 0.993057
8 4.1042 0.999087
8 4.16883 0.993957
8 4.23346 0.988214
8 4.2981 0.992287
8 4.36273 0.975227
8 4.42736 0.993442
8 4.492 0.991251
8 4.55663 0.981208
8 4.62126 0.992409
8 4.6859 0.978513
8 4.75053 0.984883
8 4.81516 0.978839
8 4.87979 0.98284
8 4.94443 0.977551
8 5.00906 0.979058
8 5.07369 0.998611
8 5.13833 0.984407
8 5.20296 0.998323
8 5.26759 0.98722
8 5.33223 0.981091
8 5.39686 0.981467
8 5.46149 0.982132
8 5.52612 0.987425
8 5.59076 0.983182
8 5.65539 0.994314
8 5.72002 0.982981
8 5.78466 0.991105
8 5.84929 0.98549
8 5.91392 0.9897
8 5.97856 0.988702
8 6.04319 0.992777
8 6.10782 0.978795
8 6.17246 0.993198
8 6.23709 0.982567
8 6.30172 0.990706
8 6.36635 0.981617
8 6.43099 0.991358
9 0.0323165 0
9 0.0969496 0
9 0.161583 0
9 0.226216 0
9 0.290849 0
9 0.355482 0
9 0.420115 0
9 0.484748 0
9 0.549381 0
9 0.614014 0
9 0.678647 0
9 0.74328 0
9 0.807913 0
9 0.872546 0.00179605
9 0.937179 0.131822
9 1.00181 1.05556
9 1.06645 1.95165
9 1.13108 2.23178
9 1.19571 2.05001
9 1.26034 1.83285
9 1.32498 1.57455
9 1.38961 1.45843
9 1.45424 1.34096
9 1.51888 1.24411
9 1.58351 1.17991
9 1.64814 1.14156
9 1.71278 1.10196
9 1.77741 1.10295
9 1.84204 1.08913
9 1.90667 1.04277
9 1.97131 1.04451
9 2.03594 1.0425
9 2.10057 1.05043
9 2.16521 1.02533
9 2.22984 1.02178
9 2.29447 1.02297
9 2.35911 1.01455
9 2.42374 1.02241
9 2.48837 1.01624
9 2.55301 0.999018
9 2.61764 1.01578
9 2.68227 0.993402
9 2.7469 0.993013
9 2.81154 0.989129
9 2.87617 0.980895
9 2.9408 0.981752
9 3.00544 1.00162
9 3.07007 0.985244
9 3.1347 0.997287
9 3.19934 0.985779
9 3.26397 0.985819
9 3.3286 0.997336
9 3.39323 0.9782
9 3.45787 0.984497
9 3.5225 0.985782
9 3.58713 0.995266
9 3.65177 0.988217
9 3.7164 0.975042
9 3.78103 0.990699
9 3.84567 0.98438
9 3.9103 0.975877
9 3.97493 0.987748
9 4.03957 0.970953
9 4.1042 0.994214
9 4.16883 0.997918
9 4.23346 0.989486
9 4.2981 0.978538
9 4.36273 0.982773
9 4.42736 0.985067
9 4.492 0.986799
9 4.55663 0.98716
9 4.62126 0.979235
9 4.6859 0.994691
9 4.75053 0.975568
9 4.81516 0.988751
9 4.87979 0.990979
9 4.94443 0.998423
9 5.00906 0.982838
9 5.07369 0.990073
9 5.13833 0.982092
9 5.20296 0.98328
9 5.26759 0.983457
9 5.33223 0.984635
9 5.39686 0.982751
9 5.46149 0.992192
9 5.52612 0.98741
9 5.59076 0.9861
9 5.65539 0.984805
9 5.72002 0.995678
9 5.78466 0.989783
9 5.84929 0.988009
9 5.91392 0.986258
9 5.97856 0.990871
9 6.04319 0.987969
9 6.10782 0.981802
9 6.17246 0.983611
9 6.23709 0.987643
9 6.30172 0.98973
9 6.36635 0.986556
9 6.43099 0.98375
10 0.0323165 0
10 0.0969496 0
10 0.161583 0
10 0.226216 0
10 0.290849 0
10 0.355482 0
10 0.420115 0
10 0.484748 0
10 0.549381 0
10 0.614014 0
10 0.678647 0
10 0.74328 0
10 0.807913 0
10 0.872546 0
10 0.937179 0.138569
10 1.00181 1.03013
10 1.06645 2.13483
10 1.13108 2.15124
10 1.19571 2.06277
10 1.26034 1.80932
10 1.32498 1.60026
10 1.38961 1.48298
10 1.45424 1.31121
10 1.51888 1.28462
10 1.58351 1.18373
10 1.64814 1.15919
10 1.71278 1.12465
10 1.77741 1.08202
10 1.84204 1.05393
10 1.90667 1.06171
10 1.97131 1.07455
10 2.03594 1.06538
10 2.10057 1.01943
10 2.16521 1.06287
10 2.22984 1.05333
10 2.29447 1.05008
10 2.35911 1.04503
10 2.42374 1.01675
10 2.48837 1.03774
10 2.55301 1.03736
10 2.61764 1.00759
10 2.68227 1.00722
10 2.7469 1.00607
10 2.81154 1.01376
10 2.87617 1.00256
10 2.9408 0.988923
10 3.00544 1.00722
10 3.07007 1.00242
10 3.1347 0.995524
10 3.19934 1.00894
10 3.26397 0.986675
10 3.3286 1.00602
10 3.39323 1.00774
10 3.45787 0.978701
10 3.5225 0.988244
10 3.58713 0.99027
10 3.65177 0.984421
10 3.7164 0.986466
10 3.78103 0.98314
10 3.84567 0.990917
10 3.9103 0.99052
10 3.97493 0.989653
10 4.03957 0.984338
10 4.1042 0.983006
10 4.16883 0.991595
10 4.23346 0.990325
10 4.2981 0.99162
10 4.36273 0.99698
10 4.42736 0.986904
10 4.492 0.989285
10 4.55663 0.978507
10 4.62126 0.990039
10 4.6859 0.991617
10 4.75053 0.972113
10 4.81516 0.990757
10 4.87979 0.979853
10 4.94443 0.982942
10 5.00906 0.991961
10 5.07369 0.9849
10 5.13833 0.985219
10 5.20296 0.985672
10 5.26759 0.992233
10 5.33223 0.981476
10 5.39686 0.994211
10 5.46149 0.988538
10 5.52612 0.978809
10 5.59076 0.989251
10 5.65539 0.983792
10 5.72002 0.981811
10 5.78466 0.978663
10 5.84929 0.98617
10 5.91392 0.982412
10 5.97856 0.987248
10 6.04319 0.984036
10 6.10782 0.986239
10 6.17246 0.988602
10 6.23709 0.994617
10 6.30172 0.977282
10 6.36635 0.98875
10 6.43099 0.986319
