10 0.0115332 0 0
10 0.0345996 0 0
10 0.0576661 0 0
10 0.0807325 0 0
10 0.103799 0 0
10 0.126865 0 0
10 0.149932 0 0
10 0.172998 0 0
10 0.196065 0 0
10 0.219131 0 0
10 0.242198 0 0
10 0.265264 0 0
10 0.28833 0 0
10 0.311397 0 0
10 0.334463 0 0
10 0.35753 0 0
10 0.380596 0 0
10 0.403663 0 0
10 0.426729 0 0
10 0.449795 0 0
10 0.472862 0 0
10 0.495928 0 0
10 0.518995 0 0
10 0.542061 0 0
10 0.565128 0 0
10 0.588194 0 0
10 0.61126 0 0
10 0.634327 0 0
10 0.657393 0 0
10 0.68046 0 0
10 0.703526 0 0
10 0.726593 0 0
10 0.749659 0 0
10 0.772725 0 0
10 0.795792 0 0
10 0.818858 0 0
10 0.841925 0 0
10 0.864991 0 0
10 0.888058 3.68203e-05 2.5153e-05
10 0.911124 0.00318315 0.000267974
10 0.93419 0.0456315 0.00146007
10 0.957257 0.290371 0.00346216
10 0.980323 1.00433 0.00698677
10 1.00339 2.2389 0.00794538
10 1.02646 3.61394 0.00702645
10 1.04952 4.62717 0.0107878
10 1.07259 4.90116 0.0128698
10 1.09566 4.48537 0.0096819
10 1.11872 3.67351 0.0104999
10 1.14179 2.69926 0.00600423
10 1.16485 1.82234 0.00619062
10 1.18792 1.13049 0.00417544
10 1.21099 0.652515 0.00410856
10 1.23405 0.349396 0.00304149
10 1.25712 0.177569 0.00215692
10 1.28019 0.0865529 0.00167737
10 1.30325 0.0472737 0.00161937
10 1.32632 0.0408499 0.00130922
10 1.34939 0.0591995 0.00166425
10 1.37245 0.103248 0.00118047
10 1.39552 0.186068 0.00223524
10 1.41859 0.29876 0.00118761
10 1.44165 0.454358 0.00174482
10 1.46472 0.631261 0.00148922
10 1.48778 0.799896 0.00329715
10 1.51085 0.923422 0.00403638
10 1.53392 0.968988 0.00243942
10 1.55698 0.926568 0.00149507
10 1.58005 0.809132 0.00273459
10 1.60312 0.640803 0.00132832
10 1.62618 0.464623 0.001177
10 1.64925 0.315985 0.00161219
10 1.67232 0.220461 0.00225228
10 1.69538 0.190638 0.00258827
10 1.71845 0.254752 0.00261205
10 1.74152 0.431464 0.00318577
10 1.76458 0.750099 0.00193938
10 1.78765 1.19364 0.00369859
10 1.81071 1.72576 0.00309831
10 1.83378 2.2346 0.00181387
10 1.85685 2.60303 0.00520327
10 1.87991 2.71449 0.00710223
10 1.90298 2.56362 0.00702091
10 1.92605 2.18399 0.00589172
10 1.94911 1.69175 0.00189237
10 1.97218 1.20069 0.0039028
10 1.99525 0.800132 0.00344259
10 2.01831 0.539155 0.00417916
10 2.04138 0.429755 0.00416198
10 2.06445 0.45926 0.00272084
10 2.08751 0.584066 0.00284253
10 2.11058 0.7572 0.0014684
10 2.13364 0.917931 0.00193197
10 2.15671 1.01982 0.00351414
10 2.17978 1.02442 0.00293516
10 2.20284 0.922382 0.00278226
10 2.22591 0.780732 0.00130117
10 2.24898 0.651093 0.00248724
10 2.27204 0.572816 0.00275695
10 2.29511 0.572013 0.00456095
