1 0.0115332 0
1 0.0345996 0
1 0.0576661 0
1 0.0807325 0
1 0.103799 0
1 0.126865 0
1 0.149932 0
1 0.172998 0
1 0.196065 0
1 0.219131 0
1 0.242198 0
1 0.265264 0
1 0.28833 0
1 0.311397 0
1 0.334463 0
1 0.35753 0
1 0.380596 0
1 0.403663 0
1 0.426729 0
1 0.449795 0
1 0.472862 0
1 0.495928 0
1 0.518995 0
1 0.542061 0
1 0.565128 0
1 0.588194 0
1 0.61126 0
1 0.634327 0
1 0.657393 0
1 0.68046 0
1 0.703526 0
1 0.726593 0
1 0.749659 0
1 0.772725 0
1 0.795792 0
1 0.818858 0
1 0.841925 0
1 0.864991 0
1 0.888058 0
1 0.911124 0.0018889
1 0.93419 0.0361352
1 0.957257 0.276079
1 0.980323 1.00444
1 1.00339 2.23467
1 1.02646 3.6015
1 1.04952 4.66153
1 1.07259 4.91598
1 1.09566 4.50484
1 1.11872 3.69972
1 1.14179 2.68742
1 1.16485 1.80043
1 1.18792 1.12171
1 1.21099 0.65179
1 1.23405 0.34876
1 1.25712 0.176804
1 1.28019 0.0839518
1 1.30325 0.0452049
1 1.32632 0.036482
1 1.34939 0.0505556
1 1.37245 0.0956446
1 1.39552 0.173656
1 1.41859 0.295617
1 1.44165 0.447863
1 1.46472 0.637687
1 1.48778 0.816586
1 1.51085 0.940915
1 1.53392 0.975601
1 1.55698 0.93148
1 1.58005 0.821548
1 1.60312 0.63862
1 1.62618 0.460329
1 1.64925 0.313878
1 1.67232 0.214339
1 1.69538 0.182703
1 1.71845 0.251741
1 1.74152 0.426905
1 1.76458 0.746281
1 1.78765 1.17883
1 1.81071 1.71334
1 1.83378 2.24457
1 1.85685 2.62522
1 1.87991 2.74404
1 1.90298 2.57594
1 1.92605 2.19352
1 1.94911 1.68485
1 1.97218 1.17191
1 1.99525 0.790797
1 2.01831 0.531133
1 2.04138 0.422962
1 2.06445 0.455726
1 2.08751 0.577697
1 2.11058 0.759655
1 2.13364 0.928447
1 2.15671 1.03066
1 2.17978 1.0312
1 2.20284 0.928985
1 2.22591 0.783104
1 2.24898 0.631327
1 2.27204 0.560901
1 2.29511 0.549198
2 0.0115332 0
2 0.0345996 0
2 0.0576661 0
2 0.0807325 0
2 0.103799 0
2 0.126865 0
2 0.149932 0
2 0.172998 0
2 0.196065 0
2 0.219131 0
2 0.242198 0
2 0.265264 0
2 0.28833 0
2 0.311397 0
2 0.334463 0
2 0.35753 0
2 0.380596 0
2 0.403663 0
2 0.426729 0
2 0.449795 0
2 0.472862 0
2 0.495928 0
2 0.518995 0
2 0.542061 0
2 0.565128 0
2 0.588194 0
2 0.61126 0
2 0.634327 0
2 0.657393 0
2 0.68046 0
2 0.703526 0
2 0.726593 0
2 0.749659 0
2 0.772725 0
2 0.795792 0
2 0.818858 0
2 0.841925 0
2 0.864991 0
2 0.888058 0.000147281
2 0.911124 0.00391772
2 0.93419 0.0501101
2 0.957257 0.284762
2 0.980323 1.04281
2 1.00339 2.25382
2 1.02646 3.60597
2 1.04952 4.60417
2 1.07259 4.88947
2 1.09566 4.45452
2 1.11872 3.64394
2 1.14179 2.70755
2 1.16485 1.83086
2 1.18792 1.13369
2 1.21099 0.658087
2 1.23405 0.35448
2 1.25712 0.185441
2 1.28019 0.0934136
2 1.30325 0.053309
2 1.32632 0.0445047
2 1.34939 0.0593909
2 1.37245 0.105974
2 1.39552 0.190505
2 1.41859 0.299023
2 1.44165 0.455772
2 1.46472 0.635467
2 1.48778 0.780167
2 1.51085 0.923435
2 1.53392 0.958519
2 1.55698 0.928341
2 1.58005 0.808311
2 1.60312 0.641942
2 1.62618 0.467489
2 1.64925 0.319002
2 1.67232 0.221462
2 1.69538 0.195655
2 1.71845 0.26183
2 1.74152 0.443986
2 1.76458 0.752622
2 1.78765 1.20267
2 1.81071 1.74799
2 1.83378 2.2322
2 1.85685 2.58086
2 1.87991 2.69676
2 1.90298 2.52497
2 1.92605 2.16164
2 1.94911 1.69089
2 1.97218 1.20554
2 1.99525 0.805298
2 2.01831 0.555941
2 2.04138 0.44391
2 2.06445 0.467337
2 2.08751 0.599555
2 2.11058 0.759472
2 2.13364 0.914758
2 2.15671 1.01272
2 2.17978 1.01154
2 2.20284 0.920966
2 2.22591 0.776704
2 2.24898 0.654384
2 2.27204 0.575662
2 2.29511 0.582034
3 0.0115332 0
3 0.0345996 0
3 0.0576661 0
3 0.0807325 0
3 0.103799 0
3 0.126865 0
3 0.149932 0
3 0.172998 0
3 0.196065 0
3 0.219131 0
3 0.242198 0
3 0.265264 0
3 0.28833 0
3 0.311397 0
3 0.334463 0
3 0.35753 0
3 0.380596 0
3 0.403663 0
3 0.426729 0
3 0.449795 0
3 0.472862 0
3 0.495928 0
3 0.518995 0
3 0.542061 0
3 0.565128 0
3 0.588194 0
3 0.61126 0
3 0.634327 0
3 0.657393 0
3 0.68046 0
3 0.703526 0
3 0.726593 0
3 0.749659 0
3 0.772725 0
3 0.795792 0
3 0.818858 0
3 0.841925 0
3 0.864991 0
3 0.888058 0
3 0.911124 0.00349796
3 0.93419 0.0460507
3 0.957257 0.297818
3 0.980323 1.00564
3 1.00339 2.25538
3 1.02646 3.64246
3 1.04952 4.61529
3 1.07259 4.90517
3 1.09566 4.44528
3 1.11872 3.64766
3 1.14179 2.68278
3 1.16485 1.80963
3 1.18792 1.14714
3 1.21099 0.67781
3 1.23405 0.354366
3 1.25712 0.172247
3 1.28019 0.0865033
3 1.30325 0.0543348
3 1.32632 0.0441745
3 1.34939 0.0655788
3 1.37245 0.102921
3 1.39552 0.187255
3 1.41859 0.301736
3 1.44165 0.442219
3 1.46472 0.627048
3 1.48778 0.790741
3 1.51085 0.921552
3 1.53392 0.977402
3 1.55698 0.931024
3 1.58005 0.811824
3 1.60312 0.633829
3 1.62618 0.467115
3 1.64925 0.315607
3 1.67232 0.226779
3 1.69538 0.191998
3 1.71845 0.259647
3 1.74152 0.436441
3 1.76458 0.753872
3 1.78765 1.19773
3 1.81071 1.71885
3 1.83378 2.23368
3 1.85685 2.59977
3 1.87991 2.68945
3 1.90298 2.56348
3 1.92605 2.18785
3 1.94911 1.6945
3 1.97218 1.19246
3 1.99525 0.808012
3 2.01831 0.547686
3 2.04138 0.429317
3 2.06445 0.469913
3 2.08751 0.582388
3 2.11058 0.754648
3 2.13364 0.917463
3 2.15671 1.01655
3 2.17978 1.01575
3 2.20284 0.916717
3 2.22591 0.783913
3 2.24898 0.656934
3 2.27204 0.574639
3 2.29511 0.575848
4 0.0115332 0
4 0.0345996 0
4 0.0576661 0
4 0.0807325 0
4 0.103799 0
4 0.126865 0
4 0.149932 0
4 0.172998 0
4 0.196065 0
4 0.219131 0
4 0.242198 0
4 0.265264 0
4 0.28833 0
4 0.311397 0
4 0.334463 0
4 0.35753 0
4 0.380596 0
4 0.403663 0
4 0.426729 0
4 0.449795 0
4 0.472862 0
4 0.495928 0
4 0.518995 0
4 0.542061 0
4 0.565128 0
4 0.588194 0
4 0.61126 0
4 0.634327 0
4 0.657393 0
4 0.68046 0
4 0.703526 0
4 0.726593 0
4 0.749659 0
4 0.772725 0
4 0.795792 0
4 0.818858 0
4 0.841925 0
4 0.864991 0
4 0.888058 0
4 0.911124 0.00307821
4 0.93419 0.0454518
4 0.957257 0.299656
4 0.980323 0.999842
4 1.00339 2.2259
4 1.02646 3.62934
4 1.04952 4.689
4 1.07259 4.87327
4 1.09566 4.50305
4 1.11872 3.61986
4 1.14179 2.67071
4 1.16485 1.81378
4 1.18792 1.13558
4 1.21099 0.649414
4 1.23405 0.363137
4 1.25712 0.182648
4 1.28019 0.0941933
4 1.30325 0.0513941
4 1.32632 0.0442076
4 1.34939 0.0622616
4 1.37245 0.103877
4 1.39552 0.184302
4 1.41859 0.3024
4 1.44165 0.459628
4 1.46472 0.626832
4 1.48778 0.80512
4 1.51085 0.917151
4 1.53392 0.96163
4 1.55698 0.922112
4 1.58005 0.791143
4 1.60312 0.645377
4 1.62618 0.468213
4 1.64925 0.321821
4 1.67232 0.229686
4 1.69538 0.199373
4 1.71845 0.25772
4 1.74152 0.436958
4 1.76458 0.752622
4 1.78765 1.19417
4 1.81071 1.72522
4 1.83378 2.2318
4 1.85685 2.59704
4 1.87991 2.70454
4 1.90298 2.56061
4 1.92605 2.17262
4 1.94911 1.69205
4 1.97218 1.19364
4 1.99525 0.799886
4 2.01831 0.541227
4 2.04138 0.438446
4 2.06445 0.465579
4 2.08751 0.592144
4 2.11058 0.763006
4 2.13364 0.926699
4 2.15671 1.0043
4 2.17978 1.01955
4 2.20284 0.923815
4 2.22591 0.778357
4 2.24898 0.648379
4 2.27204 0.572591
4 2.29511 0.583643
5 0.0115332 0
5 0.0345996 0
5 0.0576661 0
5 0.0807325 0
5 0.103799 0
5 0.126865 0
5 0.149932 0
5 0.172998 0
5 0.196065 0
5 0.219131 0
5 0.242198 0
5 0.265264 0
5 0.28833 0
5 0.311397 0
5 0.334463 0
5 0.35753 0
5 0.380596 0
5 0.403663 0
5 0.426729 0
5 0.449795 0
5 0.472862 0
5 0.495928 0
5 0.518995 0
5 0.542061 0
5 0.565128 0
5 0.588194 0
5 0.61126 0
5 0.634327 0
5 0.657393 0
5 0.68046 0
5 0.703526 0
5 0.726593 0
5 0.749659 0
5 0.772725 0
5 0.795792 0
5 0.818858 0
5 0.841925 0
5 0.864991 0
5 0.888058 0
5 0.911124 0.0022387
5 0.93419 0.0480472
5 0.957257 0.299402
5 0.980323 1.0112
5 1.00339 2.25065
5 1.02646 3.61804
5 1.04952 4.60896
5 1.07259 4.86095
5 1.09566 4.47054
5 1.11872 3.68696
5 1.14179 2.7067
5 1.16485 1.82213
5 1.18792 1.13731
5 1.21099 0.649969
5 1.23405 0.343459
5 1.25712 0.187682
5 1.28019 0.0918898
5 1.30325 0.0501973
5 1.32632 0.0454952
5 1.34939 0.0636331
5 1.37245 0.107793
5 1.39552 0.190953
5 1.41859 0.303006
5 1.44165 0.456861
5 1.46472 0.628591
5 1.48778 0.791083
5 1.51085 0.9157
5 1.53392 0.958643
5 1.55698 0.922304
5 1.58005 0.806892
5 1.60312 0.635026
5 1.62618 0.457298
5 1.64925 0.323572
5 1.67232 0.228066
5 1.69538 0.203515
5 1.71845 0.268832
5 1.74152 0.447759
5 1.76458 0.755178
5 1.78765 1.1875
5 1.81071 1.7321
5 1.83378 2.2275
5 1.85685 2.5958
5 1.87991 2.6838
5 1.90298 2.53576
5 1.92605 2.1785
5 1.94911 1.6795
5 1.97218 1.20627
5 1.99525 0.813745
5 2.01831 0.551692
5 2.04138 0.452606
5 2.06445 0.467937
5 2.08751 0.588812
5 2.11058 0.757504
5 2.13364 0.917003
5 2.15671 1.00642
5 2.17978 1.01693
5 2.20284 0.91467
5 2.22591 0.78253
5 2.24898 0.656968
5 2.27204 0.585642
5 2.29511 0.585771
6 0.0115332 0
6 0.0345996 0
6 0.0576661 0
6 0.0807325 0
6 0.103799 0
6 0.126865 0
6 0.149932 0
6 0.172998 0
6 0.196065 0
6 0.219131 0
6 0.242198 0
6 0.265264 0
6 0.28833 0
6 0.311397 0
6 0.334463 0
6 0.35753 0
6 0.380596 0
6 0.403663 0
6 0.426729 0
6 0.449795 0
6 0.472862 0
6 0.495928 0
6 0.518995 0
6 0.542061 0
6 0.565128 0
6 0.588194 0
6 0.61126 0
6 0.634327 0
6 0.657393 0
6 0.68046 0
6 0.703526 0
6 0.726593 0
6 0.749659 0
6 0.772725 0
6 0.795792 0
6 0.818858 0
6 0.841925 0
6 0.864991 0
6 0.888058 0
6 0.911124 0.00286833
6 0.93419 0.049245
6 0.957257 0.296804
6 0.980323 0.995793
6 1.00339 2.22873
6 1.02646 3.63369
6 1.04952 4.60432
6 1.07259 4.91179
6 1.09566 4.497
6 1.11872 3.68074
6 1.14179 2.71499
6 1.16485 1.79358
6 1.18792 1.11517
6 1.21099 0.648068
6 1.23405 0.353603
6 1.25712 0.176216
6 1.28019 0.0885232
6 1.30325 0.0487953
6 1.32632 0.0436463
6 1.34939 0.0582426
6 1.37245 0.10101
6 1.39552 0.188626
6 1.41859 0.299052
6 1.44165 0.460997
6 1.46472 0.624368
6 1.48778 0.80819
6 1.51085 0.921451
6 1.53392 0.973552
6 1.55698 0.920363
6 1.58005 0.819291
6 1.60312 0.641558
6 1.62618 0.462108
6 1.64925 0.312212
6 1.67232 0.215461
6 1.69538 0.190624
6 1.71845 0.260493
6 1.74152 0.428877
6 1.76458 0.746896
6 1.78765 1.20573
6 1.81071 1.71899
6 1.83378 2.2304
6 1.85685 2.59627
6 1.87991 2.72172
6 1.90298 2.55409
6 1.92605 2.18007
6 1.94911 1.70107
6 1.97218 1.20252
6 1.99525 0.801272
6 2.01831 0.543294
6 2.04138 0.429108
6 2.06445 0.457198
6 2.08751 0.581029
6 2.11058 0.764114
6 2.13364 0.914133
6 2.15671 1.02754
6 2.17978 1.02724
6 2.20284 0.911427
6 2.22591 0.772953
6 2.24898 0.652547
6 2.27204 0.571522
6 2.29511 0.578274
7 0.0115332 0
7 0.0345996 0
7 0.0576661 0
7 0.0807325 0
7 0.103799 0
7 0.126865 0
7 0.149932 0
7 0.172998 0
7 0.196065 0
7 0.219131 0
7 0.242198 0
7 0.265264 0
7 0.28833 0
7 0.311397 0
7 0.334463 0
7 0.35753 0
7 0.380596 0
7 0.403663 0
7 0.426729 0
7 0.449795 0
7 0.472862 0
7 0.495928 0
7 0.518995 0
7 0.542061 0
7 0.565128 0
7 0.588194 0
7 0.61126 0
7 0.634327 0
7 0.657393 0
7 0.68046 0
7 0.703526 0
7 0.726593 0
7 0.749659 0
7 0.772725 0
7 0.795792 0
7 0.818858 0
7 0.841925 0
7 0.864991 0
7 0.888058 0
7 0.911124 0.00391772
7 0.93419 0.0521065
7 0.957257 0.290593
7 0.980323 1.01876
7 1.00339 2.28491
7 1.02646 3.59941
7 1.04952 4.63375
7 1.07259 4.85287
7 1.09566 4.44668
7 1.11872 3.6651
7 1.14179 2.67334
7 1.16485 1.86164
7 1.18792 1.14834
7 1.21099 0.665968
7 1.23405 0.356539
7 1.25712 0.17471
7 1.28019 0.0802663
7 1.30325 0.0422984
7 1.32632 0.0361518
7 1.34939 0.0563927
7 1.37245 0.107176
7 1.39552 0.186121
7 1.41859 0.297926
7 1.44165 0.456051
7 1.46472 0.635386
7 1.48778 0.802837
7 1.51085 0.924046
7 1.53392 0.973033
7 1.55698 0.922112
7 1.58005 0.803496
7 1.60312 0.641038
7 1.62618 0.467972
7 1.64925 0.313301
7 1.67232 0.217018
7 1.69538 0.189613
7 1.71845 0.248024
7 1.74152 0.431539
7 1.76458 0.758181
7 1.78765 1.20416
7 1.81071 1.7279
7 1.83378 2.24451
7 1.85685 2.59327
7 1.87991 2.7118
7 1.90298 2.56184
7 1.92605 2.16064
7 1.94911 1.69072
7 1.97218 1.21572
7 1.99525 0.809617
7 2.01831 0.545675
7 2.04138 0.425108
7 2.06445 0.459065
7 2.08751 0.587959
7 2.11058 0.758664
7 2.13364 0.907154
7 2.15671 1.01543
7 2.17978 1.026
7 2.20284 0.914826
7 2.22591 0.77763
7 2.24898 0.651755
7 2.27204 0.579803
7 2.29511 0.579387
8 0.0115332 0
8 0.0345996 0
8 0.0576661 0
8 0.0807325 0
8 0.103799 0
8 0.126865 0
8 0.149932 0
8 0.172998 0
8 0.196065 0
8 0.219131 0
8 0.242198 0
8 0.265264 0
8 0.28833 0
8 0.311397 0
8 0.334463 0
8 0.35753 0
8 0.380596 0
8 0.403663 0
8 0.426729 0
8 0.449795 0
8 0.472862 0
8 0.495928 0
8 0.518995 0
8 0.542061 0
8 0.565128 0
8 0.588194 0
8 0.61126 0
8 0.634327 0
8 0.657393 0
8 0.68046 0
8 0.703526 0
8 0.726593 0
8 0.749659 0
8 0.772725 0
8 0.795792 0
8 0.818858 0
8 0.841925 0
8 0.864991 0
8 0.888058 0.000220922
8 0.911124 0.0022387
8 0.93419 0.0432558
8 0.957257 0.278868
8 0.980323 0.958265
8 1.00339 2.19025
8 1.02646 3.58292
8 1.04952 4.65151
8 1.07259 4.98453
8 1.09566 4.52932
8 1.11872 3.73207
8 1.14179 2.70853
8 1.16485 1.83647
8 1.18792 1.10883
8 1.21099 0.628543
8 1.23405 0.327975
8 1.25712 0.163868
8 1.28019 0.0805498
8 1.30325 0.0386054
8 1.32632 0.0346661
8 1.34939 0.0520867
8 1.37245 0.10138
8 1.39552 0.182125
8 1.41859 0.290971
8 1.44165 0.454766
8 1.46472 0.635792
8 1.48778 0.806117
8 1.51085 0.938269
8 1.53392 0.976144
8 1.55698 0.933588
8 1.58005 0.813662
8 1.60312 0.646778
8 1.62618 0.465973
8 1.64925 0.305871
8 1.67232 0.208088
8 1.69538 0.176783
8 1.71845 0.242143
8 1.74152 0.414266
8 1.76458 0.736152
8 1.78765 1.16972
8 1.81071 1.73119
8 1.83378 2.23674
8 1.85685 2.63737
8 1.87991 2.75415
8 1.90298 2.59218
8 1.92605 2.22233
8 1.94911 1.69326
8 1.97218 1.20081
8 1.99525 0.778236
8 2.01831 0.514195
8 2.04138 0.405192
8 2.06445 0.443762
8 2.08751 0.565982
8 2.11058 0.751663
8 2.13364 0.919976
8 2.15671 1.04032
8 2.17978 1.04296
8 2.20284 0.941373
8 2.22591 0.78226
8 2.24898 0.647885
8 2.27204 0.559529
8 2.29511 0.54664
9 0.0115332 0
9 0.0345996 0
9 0.0576661 0
9 0.0807325 0
9 0.103799 0
9 0.126865 0
9 0.149932 0
9 0.172998 0
9 0.196065 0
9 0.219131 0
9 0.242198 0
9 0.265264 0
9 0.28833 0
9 0.311397 0
9 0.334463 0
9 0.35753 0
9 0.380596 0
9 0.403663 0
9 0.426729 0
9 0.449795 0
9 0.472862 0
9 0.495928 0
9 0.518995 0
9 0.542061 0
9 0.565128 0
9 0.588194 0
9 0.61126 0
9 0.634327 0
9 0.657393 0
9 0.68046 0
9 0.703526 0
9 0.726593 0
9 0.749659 0
9 0.772725 0
9 0.795792 0
9 0.818858 0
9 0.841925 0
9 0.864991 0
9 0.888058 0
9 0.911124 0.00391772
9 0.93419 0.0423906
9 0.957257 0.274938
9 0.980323 0.988481
9 1.00339 2.22261
9 1.02646 3.64124
9 1.04952 4.63317
9 1.07259 4.94505
9 1.09566 4.48002
9 1.11872 3.65708
9 1.14179 2.719
9 1.16485 1.82299
9 1.18792 1.12142
9 1.21099 0.650087
9 1.23405 0.344336
9 1.25712 0.178936
9 1.28019 0.0852984
9 1.30325 0.0442133
9 1.32632 0.0377696
9 1.34939 0.0580194
9 1.37245 0.100609
9 1.39552 0.178248
9 1.41859 0.301707
9 1.44165 0.453983
9 1.46472 0.628429
9 1.48778 0.800528
9 1.51085 0.934808
9 1.53392 0.973083
9 1.55698 0.929132
9 1.58005 0.804263
9 1.60312 0.644269
9 1.62618 0.463162
9 1.64925 0.31644
9 1.67232 0.217309
9 1.69538 0.18238
9 1.71845 0.246352
9 1.74152 0.423707
9 1.76458 0.74906
9 1.78765 1.19571
9 1.81071 1.72212
9 1.83378 2.2316
9 1.85685 2.60636
9 1.87991 2.71788
9 1.90298 2.59576
9 1.92605 2.20186
9 1.94911 1.69554
9 1.97218 1.20791
9 1.99525 0.789557
9 2.01831 0.52158
9 2.04138 0.420342
9 2.06445 0.457403
9 2.08751 0.582322
9 2.11058 0.751493
9 2.13364 0.916544
9 2.15671 1.02324
9 2.17978 1.0313
9 2.20284 0.925454
9 2.22591 0.783561
9 2.24898 0.651525
9 2.27204 0.565672
9 2.29511 0.560621
10 0.0115332 0
10 0.0345996 0
10 0.0576661 0
10 0.0807325 0
10 0.103799 0
10 0.126865 0
10 0.149932 0
10 0.172998 0
10 0.196065 0
10 0.219131 0
10 0.242198 0
10 0.265264 0
10 0.28833 0
10 0.311397 0
10 0.334463 0
10 0.35753 0
10 0.380596 0
10 0.403663 0
10 0.426729 0
10 0.449795 0
10 0.472862 0
10 0.495928 0
10 0.518995 0
10 0.542061 0
10 0.565128 0
10 0.588194 0
10 0.61126 0
10 0.634327 0
10 0.657393 0
10 0.68046 0
10 0.703526 0
10 0.726593 0
10 0.749659 0
10 0.772725 0
10 0.795792 0
10 0.818858 0
10 0.841925 0
10 0.864991 0
10 0.888058 0
10 0.911124 0.00426751
10 0.93419 0.0435219
10 0.957257 0.30479
10 0.980323 1.01809
10 1.00339 2.24205
10 1.02646 3.5848
10 1.04952 4.56995
10 1.07259 4.87256
10 1.09566 4.52245
10 1.11872 3.702
10 1.14179 2.72158
10 1.16485 1.83185
10 1.18792 1.1357
10 1.21099 0.645414
10 1.23405 0.34731
10 1.25712 0.177135
10 1.28019 0.0809396
10 1.30325 0.0443843
10 1.32632 0.0414013
10 1.34939 0.065834
10 1.37245 0.106097
10 1.39552 0.198885
10 1.41859 0.296166
10 1.44165 0.455436
10 1.46472 0.633004
10 1.48778 0.79759
10 1.51085 0.896898
10 1.53392 0.962271
10 1.55698 0.925227
10 1.58005 0.810893
10 1.60312 0.639591
10 1.62618 0.466566
10 1.64925 0.318148
10 1.67232 0.226405
10 1.69538 0.193736
10 1.71845 0.250738
10 1.74152 0.424205
10 1.76458 0.750123
10 1.78765 1.20015
10 1.81071 1.71991
10 1.83378 2.23303
10 1.85685 2.59831
10 1.87991 2.7208
10 1.90298 2.57154
10 1.92605 2.18084
10 1.94911 1.69517
10 1.97218 1.21012
10 1.99525 0.804904
10 2.01831 0.539131
10 2.04138 0.430558
10 2.06445 0.448681
10 2.08751 0.582775
10 2.11058 0.75178
10 2.13364 0.917131
10 2.15671 1.02103
10 2.17978 1.02172
10 2.20284 0.925586
10 2.22591 0.786304
10 2.24898 0.65923
10 2.27204 0.582199
10 2.29511 0.578715
